<?xml version="1.0" encoding="UTF-8"?>
<testsuite xmlns:xsi="http://www.w3.org/2001/XMLSchema-instance" xsi:noNamespaceSchemaLocation="https://maven.apache.org/surefire/maven-surefire-plugin/xsd/surefire-test-report-3.0.xsd" version="3.0" name="com.sentinel.transaction.controller.TransactionControllerTest" time="1.146" tests="2" errors="0" skipped="0" failures="0">
  <properties>
[...]
</properties>
  <testcase name="testProcessPayment_BadRequest_MissingCustomerId" classname="com.sentinel.transaction.controller.TransactionControllerTest" time="0.154">
    <system-out><![CDATA[2026-04-16T22:24:06.374-07:00  INFO 48796 --- [transaction-engine] [           main] t.c.s.AnnotationConfigContextLoaderUtils : Could not detect default configuration classes for test class [com.sentinel.transaction.controller.TransactionControllerTest]: TransactionControllerTest does not declare any static, non-private, non-final, nested classes annotated with @Configuration.
2026-04-16T22:24:06.390-07:00  INFO 48796 --- [transaction-engine] [           main] .b.t.c.SpringBootTestContextBootstrapper : Found @SpringBootConfiguration com.sentinel.transaction.TransactionApplication for test class com.sentinel.transaction.controller.TransactionControllerTest

  .   ____          _            __ _ _
 /\\ / ___'_ __ _ _(_)_ __  __ _ \ \ \ \
( ( )\___ | '_ | '_| | '_ \/ _` | \ \ \ \
 \\/  ___)| |_)| | | | | || (_| |  ) ) ) )
  '  |____| .__|_| |_|_| |_\__, | / / / /
 =========|_|==============|___/=/_/_/_/
 :: Spring Boot ::                (v3.2.4)

2026-04-16T22:24:06.431-07:00  INFO 48796 --- [transaction-engine] [           main] c.s.t.c.TransactionControllerTest        : Starting TransactionControllerTest using Java 21.0.10 with PID 48796 (started by dipika in /Users/dipika/Desktop/SDET with Jatin/RestAssuredAPITesting/APITestingRest/sentinel-parent/sentinel-transaction-engine)
2026-04-16T22:24:06.431-07:00  INFO 48796 --- [transaction-engine] [           main] c.s.t.c.TransactionControllerTest        : No active profile set, falling back to 1 default profile: "default"
2026-04-16T22:24:06.562-07:00 DEBUG 48796 --- [transaction-engine] [           main] o.s.c.openfeign.FeignClientsRegistrar$1  : Identified candidate component class: file [/Users/dipika/Desktop/SDET with Jatin/RestAssuredAPITesting/APITestingRest/sentinel-parent/sentinel-transaction-engine/target/classes/com/sentinel/transaction/client/RiskClient.class]
2026-04-16T22:24:06.826-07:00 DEBUG 48796 --- [transaction-engine] [           main] o.s.c.openfeign.FeignClientFactoryBean   : Creating a FeignClientFactoryBean.
2026-04-16T22:24:07.268-07:00  INFO 48796 --- [transaction-engine] [           main] o.s.b.t.m.w.SpringBootMockServletContext : Initializing Spring TestDispatcherServlet ''
2026-04-16T22:24:07.269-07:00  INFO 48796 --- [transaction-engine] [           main] o.s.t.web.servlet.TestDispatcherServlet  : Initializing Servlet ''
2026-04-16T22:24:07.271-07:00  INFO 48796 --- [transaction-engine] [           main] o.s.t.web.servlet.TestDispatcherServlet  : Completed initialization in 1 ms
2026-04-16T22:24:07.285-07:00  INFO 48796 --- [transaction-engine] [           main] c.s.t.c.TransactionControllerTest        : Started TransactionControllerTest in 0.89 seconds (process running for 4.146)
2026-04-16T22:24:07.436-07:00  WARN 48796 --- [transaction-engine] [           main] .w.s.m.s.DefaultHandlerExceptionResolver : Resolved [org.springframework.web.bind.MethodArgumentNotValidException: Validation failed for argument [0] in public com.sentinel.common.dto.TransactionResponse com.sentinel.transaction.controller.TransactionController.process(com.sentinel.transaction.dto.PaymentRequest): [Field error in object 'paymentRequest' on field 'customerId': rejected value [null]; codes [NotBlank.paymentRequest.customerId,NotBlank.customerId,NotBlank.java.lang.String,NotBlank]; arguments [org.springframework.context.support.DefaultMessageSourceResolvable: codes [paymentRequest.customerId,customerId]; arguments []; default message [customerId]]; default message [Customer ID is required]] ]
]]></system-out>
  </testcase>
  <testcase name="testProcessPayment_EndpointSuccess" classname="com.sentinel.transaction.controller.TransactionControllerTest" time="0.065"/>
</testsuite>