<?xml version="1.0" encoding="UTF-8"?>
<testsuite xmlns:xsi="http://www.w3.org/2001/XMLSchema-instance" xsi:noNamespaceSchemaLocation="https://maven.apache.org/surefire/maven-surefire-plugin/xsd/surefire-test-report-3.0.xsd" version="3.0" name="com.sentinel.transaction.contract.ContractIntegrationTest" time="27.212" tests="1" errors="1" skipped="0" failures="0">
  <properties>
[...]
</properties>
  <testcase name="verifyRiskResultContract" classname="com.sentinel.transaction.contract.ContractIntegrationTest" time="21.005">
    <error message="Assertion condition The DB was not updated to APPROVED! ==&gt; expected: &lt;APPROVED&gt; but was: &lt;PENDING&gt; within 15 seconds." type="org.awaitility.core.ConditionTimeoutException"><![CDATA[org.awaitility.core.ConditionTimeoutException: Assertion condition The DB was not updated to APPROVED! ==> expected: <APPROVED> but was: <PENDING> within 15 seconds.
	at org.awaitility.core.ConditionAwaiter.await(ConditionAwaiter.java:167)
	at org.awaitility.core.AssertionCondition.await(AssertionCondition.java:119)
	at org.awaitility.core.AssertionCondition.await(AssertionCondition.java:31)
	at org.awaitility.core.ConditionFactory.until(ConditionFactory.java:985)
	at org.awaitility.core.ConditionFactory.untilAsserted(ConditionFactory.java:769)
	at com.sentinel.transaction.contract.ContractIntegrationTest.verifyRiskResultContract(ContractIntegrationTest.java:67)
	at java.base/java.lang.reflect.Method.invoke(Method.java:580)
	at java.base/java.util.ArrayList.forEach(ArrayList.java:1596)
	at java.base/java.util.ArrayList.forEach(ArrayList.java:1596)
Caused by: org.opentest4j.AssertionFailedError: The DB was not updated to APPROVED! ==> expected: <APPROVED> but was: <PENDING>
	at org.junit.jupiter.api.AssertionFailureBuilder.build(AssertionFailureBuilder.java:151)
	at org.junit.jupiter.api.AssertionFailureBuilder.buildAndThrow(AssertionFailureBuilder.java:132)
	at org.junit.jupiter.api.AssertEquals.failNotEqual(AssertEquals.java:197)
	at org.junit.jupiter.api.AssertEquals.assertEquals(AssertEquals.java:182)
	at org.junit.jupiter.api.Assertions.assertEquals(Assertions.java:1156)
	at com.sentinel.transaction.contract.ContractIntegrationTest.lambda$0(ContractIntegrationTest.java:72)
	at org.awaitility.core.AssertionCondition.lambda$new$0(AssertionCondition.java:53)
	at org.awaitility.core.ConditionAwaiter$ConditionPoller.call(ConditionAwaiter.java:248)
	at org.awaitility.core.ConditionAwaiter$ConditionPoller.call(ConditionAwaiter.java:235)
	at java.base/java.util.concurrent.FutureTask.run(FutureTask.java:317)
	at java.base/java.util.concurrent.ThreadPoolExecutor.runWorker(ThreadPoolExecutor.java:1144)
	at java.base/java.util.concurrent.ThreadPoolExecutor$Worker.run(ThreadPoolExecutor.java:642)
	at java.base/java.lang.Thread.run(Thread.java:1583)
]]></error>
    <system-out><![CDATA[19:44:03.274 [main] INFO org.springframework.test.context.support.AnnotationConfigContextLoaderUtils -- Could not detect default configuration classes for test class [com.sentinel.transaction.contract.ContractIntegrationTest]: ContractIntegrationTest does not declare any static, non-private, non-final, nested classes annotated with @Configuration.
19:44:03.360 [main] INFO org.springframework.boot.test.context.SpringBootTestContextBootstrapper -- Found @SpringBootConfiguration com.sentinel.transaction.TransactionApplication for test class com.sentinel.transaction.contract.ContractIntegrationTest

  .   ____          _            __ _ _
 /\\ / ___'_ __ _ _(_)_ __  __ _ \ \ \ \
( ( )\___ | '_ | '_| | '_ \/ _` | \ \ \ \
 \\/  ___)| |_)| | | | | || (_| |  ) ) ) )
  '  |____| .__|_| |_|_| |_\__, | / / / /
 =========|_|==============|___/=/_/_/_/
 :: Spring Boot ::                (v3.2.4)

2026-04-26T19:44:04.205-07:00  INFO 8376 --- [transaction-engine] [           main] k.utils.Log4jControllerRegistration$     : Registered kafka:type=kafka.Log4jController MBean
2026-04-26T19:44:04.233-07:00  INFO 8376 --- [transaction-engine] [           main] org.apache.zookeeper.common.X509Util     : Setting -D jdk.tls.rejectClientInitiatedRenegotiation=true to disable client-initiated TLS renegotiation
2026-04-26T19:44:04.339-07:00  INFO 8376 --- [transaction-engine] [-kit-executor-1] kafka.server.ControllerServer            : Formatting /var/folders/xl/mtm89xsn1mz9nkt3cf7x6s9w0000gn/T/kafka-18087789630953053348/controller_0 with metadata.version 3.3-IV0.
2026-04-26T19:44:04.340-07:00  INFO 8376 --- [transaction-engine] [-kit-executor-3] kafka.server.BrokerServer                : [BrokerServer id=0] Transition from SHUTDOWN to STARTING
2026-04-26T19:44:04.340-07:00  INFO 8376 --- [transaction-engine] [-kit-executor-2] kafka.server.ControllerServer            : [ControllerServer id=0] Starting controller
2026-04-26T19:44:04.340-07:00  INFO 8376 --- [transaction-engine] [-kit-executor-3] kafka.server.SharedServer                : [SharedServer id=0] Starting SharedServer
2026-04-26T19:44:04.366-07:00  INFO 8376 --- [transaction-engine] [-kit-executor-2] o.a.k.s.network.EndpointReadyFutures     : authorizerStart completed for endpoint CONTROLLER. Endpoint is now READY.
2026-04-26T19:44:04.445-07:00  INFO 8376 --- [transaction-engine] [-kit-executor-3] kafka.log.UnifiedLog$                    : [LogLoader partition=__cluster_metadata-0, dir=/var/folders/xl/mtm89xsn1mz9nkt3cf7x6s9w0000gn/T/kafka-18087789630953053348/controller_0] Loading producer state till offset 0 with message format version 2
2026-04-26T19:44:04.445-07:00  INFO 8376 --- [transaction-engine] [-kit-executor-3] kafka.log.UnifiedLog$                    : [LogLoader partition=__cluster_metadata-0, dir=/var/folders/xl/mtm89xsn1mz9nkt3cf7x6s9w0000gn/T/kafka-18087789630953053348/controller_0] Reloading from producer snapshot and rebuilding producer state from offset 0
2026-04-26T19:44:04.445-07:00  INFO 8376 --- [transaction-engine] [-kit-executor-3] kafka.log.UnifiedLog$                    : [LogLoader partition=__cluster_metadata-0, dir=/var/folders/xl/mtm89xsn1mz9nkt3cf7x6s9w0000gn/T/kafka-18087789630953053348/controller_0] Producer state recovery took 0ms for snapshot load and 0ms for segment recovery from offset 0
2026-04-26T19:44:04.479-07:00  INFO 8376 --- [transaction-engine] [-kit-executor-3] kafka.raft.KafkaMetadataLog$             : Initialized snapshots with IDs SortedSet() from /var/folders/xl/mtm89xsn1mz9nkt3cf7x6s9w0000gn/T/kafka-18087789630953053348/controller_0/__cluster_metadata-0
2026-04-26T19:44:04.508-07:00  INFO 8376 --- [transaction-engine] [piration-reaper] ExpirationService$ExpiredOperationReaper : [raft-expiration-reaper]: Starting
2026-04-26T19:44:04.552-07:00  INFO 8376 --- [transaction-engine] [-kit-executor-3] org.apache.kafka.raft.QuorumState        : [RaftManager id=0] Completed transition to Unattached(epoch=0, voters=[0], electionTimeoutMs=1967) from null
2026-04-26T19:44:04.560-07:00  INFO 8376 --- [transaction-engine] [-kit-executor-3] org.apache.kafka.raft.QuorumState        : [RaftManager id=0] Completed transition to CandidateState(localId=0, epoch=1, retries=1, voteStates={0=GRANTED}, highWatermark=Optional.empty, electionTimeoutMs=1562) from Unattached(epoch=0, voters=[0], electionTimeoutMs=1967)
2026-04-26T19:44:04.567-07:00  INFO 8376 --- [transaction-engine] [-kit-executor-3] org.apache.kafka.raft.QuorumState        : [RaftManager id=0] Completed transition to Leader(localId=0, epoch=1, epochStartOffset=0, highWatermark=Optional.empty, voterStates={0=ReplicaState(nodeId=0, endOffset=Optional.empty, lastFetchTimestamp=-1, lastCaughtUpTimestamp=-1, hasAcknowledgedLeader=true)}) from CandidateState(localId=0, epoch=1, retries=1, voteStates={0=GRANTED}, highWatermark=Optional.empty, electionTimeoutMs=1562)
2026-04-26T19:44:04.656-07:00  INFO 8376 --- [transaction-engine] [-kit-executor-2] kafka.network.ConnectionQuotas           : Updated connection-accept-rate max connection creation rate to 2147483647
2026-04-26T19:44:04.675-07:00  INFO 8376 --- [transaction-engine] [-kit-executor-2] kafka.network.DataPlaneAcceptor          : Awaiting socket connections on localhost:50675.
2026-04-26T19:44:04.676-07:00  INFO 8376 --- [transaction-engine] [-kit-executor-2] kafka.network.DataPlaneAcceptor          : Opened wildcard endpoint localhost:50675
2026-04-26T19:44:04.689-07:00  INFO 8376 --- [transaction-engine] [-kit-executor-2] kafka.network.SocketServer               : [SocketServer listenerType=CONTROLLER, nodeId=0] Created data-plane acceptor and processors for endpoint : ListenerName(CONTROLLER)
2026-04-26T19:44:04.692-07:00  INFO 8376 --- [transaction-engine] [-request-thread] kafka.raft.RaftSendThread                : [kafka-0-raft-outbound-request-thread]: Starting
2026-04-26T19:44:04.692-07:00  INFO 8376 --- [transaction-engine] [-raft-io-thread] k.raft.KafkaRaftManager$RaftIoThread     : [kafka-0-raft-io-thread]: Starting
2026-04-26T19:44:04.706-07:00  INFO 8376 --- [transaction-engine] [-raft-io-thread] org.apache.kafka.raft.LeaderState        : [RaftManager id=0] High watermark set to LogOffsetMetadata(offset=1, metadata=Optional[(segmentBaseOffset=0,relativePositionInSegment=91)]) for the first time for epoch 1 based on indexOfHw 0 and voters [ReplicaState(nodeId=0, endOffset=Optional[LogOffsetMetadata(offset=1, metadata=Optional[(segmentBaseOffset=0,relativePositionInSegment=91)])], lastFetchTimestamp=-1, lastCaughtUpTimestamp=-1, hasAcknowledgedLeader=true)]
2026-04-26T19:44:04.711-07:00  INFO 8376 --- [transaction-engine] [r-event-handler] o.a.kafka.image.loader.MetadataLoader    : [MetadataLoader id=0] initializeNewPublishers: The loader is still catching up because we have loaded up to offset -1, but the high water mark is 1
2026-04-26T19:44:04.712-07:00  INFO 8376 --- [transaction-engine] [-kit-executor-3] kafka.server.BrokerServer                : [BrokerServer id=0] Starting broker
2026-04-26T19:44:04.712-07:00  INFO 8376 --- [transaction-engine] [-kit-executor-2] kafka.server.ControllerServer            : [ControllerServer id=0] Waiting for controller quorum voters future
2026-04-26T19:44:04.712-07:00  INFO 8376 --- [transaction-engine] [-kit-executor-2] kafka.server.ControllerServer            : [ControllerServer id=0] Finished waiting for controller quorum voters future
2026-04-26T19:44:04.716-07:00  INFO 8376 --- [transaction-engine] [-raft-io-thread] org.apache.kafka.raft.KafkaRaftClient    : [RaftManager id=0] Registered the listener org.apache.kafka.image.loader.MetadataLoader@1139075328
2026-04-26T19:44:04.725-07:00  INFO 8376 --- [transaction-engine] [r-event-handler] o.a.kafka.image.loader.MetadataLoader    : [MetadataLoader id=0] maybePublishMetadata(LOG_DELTA): The loader is still catching up because we have not loaded a controller record as of offset 0 and high water mark is 1
2026-04-26T19:44:04.725-07:00  INFO 8376 --- [transaction-engine] [nelReaper-Fetch] lientQuotaManager$ThrottledChannelReaper : [broker-0-ThrottledChannelReaper-Fetch]: Starting
2026-04-26T19:44:04.726-07:00  INFO 8376 --- [transaction-engine] [lReaper-Produce] lientQuotaManager$ThrottledChannelReaper : [broker-0-ThrottledChannelReaper-Produce]: Starting
2026-04-26T19:44:04.727-07:00  INFO 8376 --- [transaction-engine] [lReaper-Request] lientQuotaManager$ThrottledChannelReaper : [broker-0-ThrottledChannelReaper-Request]: Starting
2026-04-26T19:44:04.728-07:00  INFO 8376 --- [transaction-engine] [trollerMutation] lientQuotaManager$ThrottledChannelReaper : [broker-0-ThrottledChannelReaper-ControllerMutation]: Starting
2026-04-26T19:44:04.741-07:00  INFO 8376 --- [transaction-engine] [-kit-executor-2] o.a.kafka.controller.QuorumController    : [QuorumController id=0] Creating new QuorumController with clusterId Z7QKsqR8Rp28bp32t2q9Tg.
2026-04-26T19:44:04.741-07:00  INFO 8376 --- [transaction-engine] [-raft-io-thread] org.apache.kafka.raft.KafkaRaftClient    : [RaftManager id=0] Registered the listener org.apache.kafka.controller.QuorumController$QuorumMetaLogListener@266449497
2026-04-26T19:44:04.742-07:00  INFO 8376 --- [transaction-engine] [lReaper-Produce] lientQuotaManager$ThrottledChannelReaper : [controller-0-ThrottledChannelReaper-Produce]: Starting
2026-04-26T19:44:04.742-07:00  INFO 8376 --- [transaction-engine] [nelReaper-Fetch] lientQuotaManager$ThrottledChannelReaper : [controller-0-ThrottledChannelReaper-Fetch]: Starting
2026-04-26T19:44:04.742-07:00  INFO 8376 --- [transaction-engine] [lReaper-Request] lientQuotaManager$ThrottledChannelReaper : [controller-0-ThrottledChannelReaper-Request]: Starting
2026-04-26T19:44:04.742-07:00  INFO 8376 --- [transaction-engine] [trollerMutation] lientQuotaManager$ThrottledChannelReaper : [controller-0-ThrottledChannelReaper-ControllerMutation]: Starting
2026-04-26T19:44:04.743-07:00  INFO 8376 --- [transaction-engine] [-kit-executor-3] kafka.log.LogManager                     : Log directory /var/folders/xl/mtm89xsn1mz9nkt3cf7x6s9w0000gn/T/kafka-18087789630953053348/broker_0_data0 not found, creating it.
2026-04-26T19:44:04.744-07:00  INFO 8376 --- [transaction-engine] [0-event-handler] o.a.kafka.controller.QuorumController    : [QuorumController id=0] Becoming the active controller at epoch 1, next write offset 1.
2026-04-26T19:44:04.748-07:00  WARN 8376 --- [transaction-engine] [0-event-handler] o.a.kafka.controller.QuorumController    : [QuorumController id=0] Performing controller activation. The metadata log appears to be empty. Appending 1 bootstrap record(s) in metadata transaction at metadata.version 3.6-IV2 from bootstrap source 'testkit'. Setting the ZK migration state to NONE since this is a de-novo KRaft cluster.
2026-04-26T19:44:04.750-07:00  INFO 8376 --- [transaction-engine] [0-event-handler] o.a.k.controller.OffsetControlManager    : [QuorumController id=0] Replayed BeginTransactionRecord(name='Bootstrap records') at offset 1.
2026-04-26T19:44:04.751-07:00  INFO 8376 --- [transaction-engine] [0-event-handler] o.a.k.controller.FeatureControlManager   : [QuorumController id=0] Replayed a FeatureLevelRecord setting metadata version to 3.6-IV2
2026-04-26T19:44:04.751-07:00  INFO 8376 --- [transaction-engine] [0-event-handler] o.a.k.controller.OffsetControlManager    : [QuorumController id=0] Replayed EndTransactionRecord() at offset 4.
2026-04-26T19:44:04.753-07:00  INFO 8376 --- [transaction-engine] [-kit-executor-3] kafka.server.BrokerServer                : [BrokerServer id=0] Waiting for controller quorum voters future
2026-04-26T19:44:04.753-07:00  INFO 8376 --- [transaction-engine] [-kit-executor-3] kafka.server.BrokerServer                : [BrokerServer id=0] Finished waiting for controller quorum voters future
2026-04-26T19:44:04.757-07:00  INFO 8376 --- [transaction-engine] [per-0-AlterAcls] perationPurgatory$ExpiredOperationReaper : [ExpirationReaper-0-AlterAcls]: Starting
2026-04-26T19:44:04.758-07:00  INFO 8376 --- [transaction-engine] [channel-manager] k.s.BrokerToControllerRequestThread      : [broker-0-to-controller-forwarding-channel-manager]: Starting
2026-04-26T19:44:04.760-07:00  INFO 8376 --- [transaction-engine] [channel-manager] k.s.BrokerToControllerRequestThread      : [broker-0-to-controller-forwarding-channel-manager]: Recorded new controller, from now on will use node localhost:50675 (id: 0 rack: null)
2026-04-26T19:44:04.766-07:00  INFO 8376 --- [transaction-engine] [-kit-executor-2] kafka.server.ControllerServer            : [ControllerServer id=0] Waiting for the controller metadata publishers to be installed
2026-04-26T19:44:04.767-07:00  INFO 8376 --- [transaction-engine] [-kit-executor-2] kafka.server.ControllerServer            : [ControllerServer id=0] Finished waiting for the controller metadata publishers to be installed
2026-04-26T19:44:04.766-07:00  INFO 8376 --- [transaction-engine] [r-event-handler] o.a.kafka.image.loader.MetadataLoader    : [MetadataLoader id=0] initializeNewPublishers: The loader finished catching up to the current high water mark of 1
2026-04-26T19:44:04.767-07:00  INFO 8376 --- [transaction-engine] [-kit-executor-2] kafka.network.SocketServer               : [SocketServer listenerType=CONTROLLER, nodeId=0] Enabling request processing.
2026-04-26T19:44:04.771-07:00  INFO 8376 --- [transaction-engine] [-kit-executor-2] kafka.server.ControllerServer            : [ControllerServer id=0] Waiting for all of the authorizer futures to be completed
2026-04-26T19:44:04.772-07:00  INFO 8376 --- [transaction-engine] [-kit-executor-2] kafka.server.ControllerServer            : [ControllerServer id=0] Finished waiting for all of the authorizer futures to be completed
2026-04-26T19:44:04.772-07:00  INFO 8376 --- [transaction-engine] [-kit-executor-2] kafka.server.ControllerServer            : [ControllerServer id=0] Waiting for all of the SocketServer Acceptors to be started
2026-04-26T19:44:04.772-07:00  INFO 8376 --- [transaction-engine] [-kit-executor-2] kafka.server.ControllerServer            : [ControllerServer id=0] Finished waiting for all of the SocketServer Acceptors to be started
2026-04-26T19:44:04.773-07:00  INFO 8376 --- [transaction-engine] [r-event-handler] o.a.kafka.image.loader.MetadataLoader    : [MetadataLoader id=0] InitializeNewPublishers: initializing SnapshotGenerator with a snapshot at offset 0
2026-04-26T19:44:04.774-07:00  INFO 8376 --- [transaction-engine] [r-event-handler] o.a.kafka.image.loader.MetadataLoader    : [MetadataLoader id=0] InitializeNewPublishers: initializing FeaturesPublisher with a snapshot at offset 0
2026-04-26T19:44:04.774-07:00  INFO 8376 --- [transaction-engine] [r-event-handler] o.a.kafka.image.loader.MetadataLoader    : [MetadataLoader id=0] InitializeNewPublishers: initializing DynamicConfigPublisher controller id=0 with a snapshot at offset 0
2026-04-26T19:44:04.774-07:00  INFO 8376 --- [transaction-engine] [r-event-handler] o.a.kafka.image.loader.MetadataLoader    : [MetadataLoader id=0] InitializeNewPublishers: initializing DynamicClientQuotaPublisher controller id=0 with a snapshot at offset 0
2026-04-26T19:44:04.775-07:00  INFO 8376 --- [transaction-engine] [r-event-handler] o.a.kafka.image.loader.MetadataLoader    : [MetadataLoader id=0] InitializeNewPublishers: initializing ScramPublisher controller id=0 with a snapshot at offset 0
2026-04-26T19:44:04.776-07:00  INFO 8376 --- [transaction-engine] [r-event-handler] o.a.kafka.image.loader.MetadataLoader    : [MetadataLoader id=0] InitializeNewPublishers: initializing DelegationTokenPublisher controller id=0 with a snapshot at offset 0
2026-04-26T19:44:04.777-07:00  INFO 8376 --- [transaction-engine] [r-event-handler] o.a.kafka.image.loader.MetadataLoader    : [MetadataLoader id=0] InitializeNewPublishers: initializing ControllerMetadataMetricsPublisher with a snapshot at offset 0
2026-04-26T19:44:04.777-07:00  INFO 8376 --- [transaction-engine] [r-event-handler] o.a.kafka.image.loader.MetadataLoader    : [MetadataLoader id=0] InitializeNewPublishers: initializing AclPublisher controller id=0 with a snapshot at offset 0
2026-04-26T19:44:04.787-07:00  INFO 8376 --- [transaction-engine] [-kit-executor-3] kafka.network.ConnectionQuotas           : Updated connection-accept-rate max connection creation rate to 2147483647
2026-04-26T19:44:04.787-07:00  INFO 8376 --- [transaction-engine] [-kit-executor-3] kafka.network.DataPlaneAcceptor          : Awaiting socket connections on localhost:50676.
2026-04-26T19:44:04.787-07:00  INFO 8376 --- [transaction-engine] [-kit-executor-3] kafka.network.DataPlaneAcceptor          : Opened wildcard endpoint localhost:50676
2026-04-26T19:44:04.790-07:00  INFO 8376 --- [transaction-engine] [-kit-executor-3] kafka.network.SocketServer               : [SocketServer listenerType=BROKER, nodeId=0] Created data-plane acceptor and processors for endpoint : ListenerName(EXTERNAL)
2026-04-26T19:44:04.794-07:00  INFO 8376 --- [transaction-engine] [channel-manager] k.s.BrokerToControllerRequestThread      : [broker-0-to-controller-alter-partition-channel-manager]: Starting
2026-04-26T19:44:04.795-07:00  INFO 8376 --- [transaction-engine] [channel-manager] k.s.BrokerToControllerRequestThread      : [broker-0-to-controller-alter-partition-channel-manager]: Recorded new controller, from now on will use node localhost:50675 (id: 0 rack: null)
2026-04-26T19:44:04.813-07:00  INFO 8376 --- [transaction-engine] [eaper-0-Produce] perationPurgatory$ExpiredOperationReaper : [ExpirationReaper-0-Produce]: Starting
2026-04-26T19:44:04.813-07:00  INFO 8376 --- [transaction-engine] [nReaper-0-Fetch] perationPurgatory$ExpiredOperationReaper : [ExpirationReaper-0-Fetch]: Starting
2026-04-26T19:44:04.821-07:00  INFO 8376 --- [transaction-engine] [0-DeleteRecords] perationPurgatory$ExpiredOperationReaper : [ExpirationReaper-0-DeleteRecords]: Starting
2026-04-26T19:44:04.821-07:00  INFO 8376 --- [transaction-engine] [r-0-ElectLeader] perationPurgatory$ExpiredOperationReaper : [ExpirationReaper-0-ElectLeader]: Starting
2026-04-26T19:44:04.822-07:00  INFO 8376 --- [transaction-engine] [r-0-RemoteFetch] perationPurgatory$ExpiredOperationReaper : [ExpirationReaper-0-RemoteFetch]: Starting
2026-04-26T19:44:04.839-07:00  INFO 8376 --- [transaction-engine] [per-0-Heartbeat] perationPurgatory$ExpiredOperationReaper : [ExpirationReaper-0-Heartbeat]: Starting
2026-04-26T19:44:04.840-07:00  INFO 8376 --- [transaction-engine] [per-0-Rebalance] perationPurgatory$ExpiredOperationReaper : [ExpirationReaper-0-Rebalance]: Starting
2026-04-26T19:44:04.871-07:00  INFO 8376 --- [transaction-engine] [channel-manager] k.s.BrokerToControllerRequestThread      : [broker-0-to-controller-heartbeat-channel-manager]: Starting
2026-04-26T19:44:04.872-07:00  INFO 8376 --- [transaction-engine] [channel-manager] k.s.BrokerToControllerRequestThread      : [broker-0-to-controller-heartbeat-channel-manager]: Recorded new controller, from now on will use node localhost:50675 (id: 0 rack: null)
2026-04-26T19:44:04.875-07:00  INFO 8376 --- [transaction-engine] [r-event-handler] kafka.server.BrokerLifecycleManager      : [BrokerLifecycleManager id=0] Incarnation APj5j73AQ926TmuY9bQOug of broker 0 in cluster Z7QKsqR8Rp28bp32t2q9Tg is now STARTING.
2026-04-26T19:44:04.891-07:00  INFO 8376 --- [transaction-engine] [per-0-AlterAcls] perationPurgatory$ExpiredOperationReaper : [ExpirationReaper-0-AlterAcls]: Starting
2026-04-26T19:44:04.907-07:00  INFO 8376 --- [transaction-engine] [-kit-executor-3] kafka.server.BrokerServer                : [BrokerServer id=0] Waiting for the broker metadata publishers to be installed
2026-04-26T19:44:04.907-07:00  INFO 8376 --- [transaction-engine] [-kit-executor-3] kafka.server.BrokerServer                : [BrokerServer id=0] Finished waiting for the broker metadata publishers to be installed
2026-04-26T19:44:04.907-07:00  INFO 8376 --- [transaction-engine] [r-event-handler] o.a.kafka.image.loader.MetadataLoader    : [MetadataLoader id=0] InitializeNewPublishers: initializing BrokerMetadataPublisher with a snapshot at offset 4
2026-04-26T19:44:04.907-07:00  INFO 8376 --- [transaction-engine] [-kit-executor-3] kafka.server.BrokerServer                : [BrokerServer id=0] Waiting for the controller to acknowledge that we are caught up
2026-04-26T19:44:04.908-07:00  INFO 8376 --- [transaction-engine] [r-event-handler] k.s.metadata.BrokerMetadataPublisher     : [BrokerMetadataPublisher id=0] Publishing initial metadata at offset OffsetAndEpoch(offset=4, epoch=1) with metadata.version 3.6-IV2.
2026-04-26T19:44:04.908-07:00  INFO 8376 --- [transaction-engine] [r-event-handler] kafka.log.LogManager                     : Loading logs from log dirs ArraySeq(/var/folders/xl/mtm89xsn1mz9nkt3cf7x6s9w0000gn/T/kafka-18087789630953053348/broker_0_data0)
2026-04-26T19:44:04.911-07:00  INFO 8376 --- [transaction-engine] [r-event-handler] kafka.log.LogManager                     : No logs found to be loaded in /var/folders/xl/mtm89xsn1mz9nkt3cf7x6s9w0000gn/T/kafka-18087789630953053348/broker_0_data0
2026-04-26T19:44:04.915-07:00  INFO 8376 --- [transaction-engine] [r-event-handler] kafka.log.LogManager                     : Loaded 0 logs in 6ms
2026-04-26T19:44:04.915-07:00  INFO 8376 --- [transaction-engine] [r-event-handler] kafka.log.LogManager                     : Starting log cleanup with a period of 300000 ms.
2026-04-26T19:44:04.916-07:00  INFO 8376 --- [transaction-engine] [r-event-handler] kafka.log.LogManager                     : Starting log flusher with a default period of 9223372036854775807 ms.
2026-04-26T19:44:04.925-07:00  INFO 8376 --- [transaction-engine] [0-event-handler] o.a.k.controller.ClusterControlManager   : [QuorumController id=0] Replayed initial RegisterBrokerRecord for broker 0: RegisterBrokerRecord(brokerId=0, isMigratingZkBroker=false, incarnationId=APj5j73AQ926TmuY9bQOug, brokerEpoch=5, endPoints=[BrokerEndpoint(name='EXTERNAL', host='localhost', port=50676, securityProtocol=0)], features=[BrokerFeature(name='metadata.version', minSupportedVersion=1, maxSupportedVersion=14)], rack=null, fenced=true, inControlledShutdown=false)
2026-04-26T19:44:04.926-07:00  INFO 8376 --- [transaction-engine] [r-event-handler] kafka.log.LogCleaner                     : Starting the log cleaner
2026-04-26T19:44:04.931-07:00  INFO 8376 --- [transaction-engine] [leaner-thread-0] kafka.log.LogCleaner$CleanerThread       : [kafka-log-cleaner-thread-0]: Starting
2026-04-26T19:44:04.932-07:00  INFO 8376 --- [transaction-engine] [rFailureHandler] k.s.ReplicaManager$LogDirFailureHandler  : [LogDirFailureHandler]: Starting
2026-04-26T19:44:04.932-07:00  INFO 8376 --- [transaction-engine] [nSenderThread-0] kafka.server.AddPartitionsToTxnManager   : [AddPartitionsToTxnSenderThread-0]: Starting
2026-04-26T19:44:04.933-07:00  INFO 8376 --- [transaction-engine] [r-event-handler] k.coordinator.group.GroupCoordinator     : [GroupCoordinator 0]: Starting up.
2026-04-26T19:44:04.934-07:00  INFO 8376 --- [transaction-engine] [r-event-handler] k.coordinator.group.GroupCoordinator     : [GroupCoordinator 0]: Startup complete.
2026-04-26T19:44:04.935-07:00  INFO 8376 --- [transaction-engine] [r-event-handler] k.c.transaction.TransactionCoordinator   : [TransactionCoordinator id=0] Starting up.
2026-04-26T19:44:04.935-07:00  INFO 8376 --- [transaction-engine] [rSenderThread-0] k.c.t.TransactionMarkerChannelManager    : [TxnMarkerSenderThread-0]: Starting
2026-04-26T19:44:04.935-07:00  INFO 8376 --- [transaction-engine] [r-event-handler] k.c.transaction.TransactionCoordinator   : [TransactionCoordinator id=0] Startup complete.
2026-04-26T19:44:04.936-07:00  INFO 8376 --- [transaction-engine] [r-event-handler] k.s.metadata.BrokerMetadataPublisher     : [BrokerMetadataPublisher id=0] Updating metadata.version to 14 at offset OffsetAndEpoch(offset=4, epoch=1).
2026-04-26T19:44:04.957-07:00  INFO 8376 --- [transaction-engine] [channel-manager] kafka.server.BrokerLifecycleManager      : [BrokerLifecycleManager id=0] Successfully registered broker 0 with broker epoch 5
2026-04-26T19:44:04.961-07:00  INFO 8376 --- [transaction-engine] [channel-manager] kafka.server.BrokerLifecycleManager      : [BrokerLifecycleManager id=0] The broker has caught up. Transitioning from STARTING to RECOVERY.
2026-04-26T19:44:04.961-07:00  INFO 8376 --- [transaction-engine] [-kit-executor-3] kafka.server.BrokerServer                : [BrokerServer id=0] Finished waiting for the controller to acknowledge that we are caught up
2026-04-26T19:44:04.961-07:00  INFO 8376 --- [transaction-engine] [-kit-executor-3] kafka.server.BrokerServer                : [BrokerServer id=0] Waiting for the initial broker metadata update to be published
2026-04-26T19:44:04.961-07:00  INFO 8376 --- [transaction-engine] [-kit-executor-3] kafka.server.BrokerServer                : [BrokerServer id=0] Finished waiting for the initial broker metadata update to be published
2026-04-26T19:44:04.966-07:00  INFO 8376 --- [transaction-engine] [-kit-executor-3] kafka.server.BrokerServer                : [BrokerServer id=0] Waiting for the broker to be unfenced
2026-04-26T19:44:04.967-07:00  INFO 8376 --- [transaction-engine] [0-event-handler] o.a.k.controller.BrokerHeartbeatManager  : [QuorumController id=0] The request from broker 0 to unfence has been granted because it has caught up with the offset of its register broker record 5.
2026-04-26T19:44:04.971-07:00  INFO 8376 --- [transaction-engine] [0-event-handler] o.a.k.controller.ClusterControlManager   : [QuorumController id=0] Replayed BrokerRegistrationChangeRecord modifying the registration for broker 0: BrokerRegistrationChangeRecord(brokerId=0, brokerEpoch=5, fenced=-1, inControlledShutdown=0)
2026-04-26T19:44:05.002-07:00  INFO 8376 --- [transaction-engine] [channel-manager] kafka.server.BrokerLifecycleManager      : [BrokerLifecycleManager id=0] The broker has been unfenced. Transitioning from RECOVERY to RUNNING.
2026-04-26T19:44:05.002-07:00  INFO 8376 --- [transaction-engine] [-kit-executor-3] kafka.server.BrokerServer                : [BrokerServer id=0] Finished waiting for the broker to be unfenced
2026-04-26T19:44:05.003-07:00  INFO 8376 --- [transaction-engine] [-kit-executor-3] o.a.k.s.network.EndpointReadyFutures     : authorizerStart completed for endpoint EXTERNAL. Endpoint is now READY.
2026-04-26T19:44:05.003-07:00  INFO 8376 --- [transaction-engine] [-kit-executor-3] kafka.network.SocketServer               : [SocketServer listenerType=BROKER, nodeId=0] Enabling request processing.
2026-04-26T19:44:05.003-07:00  INFO 8376 --- [transaction-engine] [-kit-executor-3] kafka.server.BrokerServer                : [BrokerServer id=0] Waiting for all of the authorizer futures to be completed
2026-04-26T19:44:05.004-07:00  INFO 8376 --- [transaction-engine] [-kit-executor-3] kafka.server.BrokerServer                : [BrokerServer id=0] Finished waiting for all of the authorizer futures to be completed
2026-04-26T19:44:05.004-07:00  INFO 8376 --- [transaction-engine] [-kit-executor-3] kafka.server.BrokerServer                : [BrokerServer id=0] Waiting for all of the SocketServer Acceptors to be started
2026-04-26T19:44:05.004-07:00  INFO 8376 --- [transaction-engine] [-kit-executor-3] kafka.server.BrokerServer                : [BrokerServer id=0] Finished waiting for all of the SocketServer Acceptors to be started
2026-04-26T19:44:05.004-07:00  INFO 8376 --- [transaction-engine] [-kit-executor-3] kafka.server.BrokerServer                : [BrokerServer id=0] Transition from STARTING to STARTED
2026-04-26T19:44:05.014-07:00  INFO 8376 --- [transaction-engine] [           main] o.a.k.clients.admin.AdminClientConfig    : AdminClientConfig values: 
	auto.include.jmx.reporter = true
	bootstrap.servers = [localhost:50676]
	client.dns.lookup = use_all_dns_ips
	client.id = 
	connections.max.idle.ms = 300000
	default.api.timeout.ms = 60000
	metadata.max.age.ms = 300000
	metric.reporters = []
	metrics.num.samples = 2
	metrics.recording.level = INFO
	metrics.sample.window.ms = 30000
	receive.buffer.bytes = 65536
	reconnect.backoff.max.ms = 1000
	reconnect.backoff.ms = 50
	request.timeout.ms = 30000
	retries = 2147483647
	retry.backoff.ms = 100
	sasl.client.callback.handler.class = null
	sasl.jaas.config = null
	sasl.kerberos.kinit.cmd = /usr/bin/kinit
	sasl.kerberos.min.time.before.relogin = 60000
	sasl.kerberos.service.name = null
	sasl.kerberos.ticket.renew.jitter = 0.05
	sasl.kerberos.ticket.renew.window.factor = 0.8
	sasl.login.callback.handler.class = null
	sasl.login.class = null
	sasl.login.connect.timeout.ms = null
	sasl.login.read.timeout.ms = null
	sasl.login.refresh.buffer.seconds = 300
	sasl.login.refresh.min.period.seconds = 60
	sasl.login.refresh.window.factor = 0.8
	sasl.login.refresh.window.jitter = 0.05
	sasl.login.retry.backoff.max.ms = 10000
	sasl.login.retry.backoff.ms = 100
	sasl.mechanism = GSSAPI
	sasl.oauthbearer.clock.skew.seconds = 30
	sasl.oauthbearer.expected.audience = null
	sasl.oauthbearer.expected.issuer = null
	sasl.oauthbearer.jwks.endpoint.refresh.ms = 3600000
	sasl.oauthbearer.jwks.endpoint.retry.backoff.max.ms = 10000
	sasl.oauthbearer.jwks.endpoint.retry.backoff.ms = 100
	sasl.oauthbearer.jwks.endpoint.url = null
	sasl.oauthbearer.scope.claim.name = scope
	sasl.oauthbearer.sub.claim.name = sub
	sasl.oauthbearer.token.endpoint.url = null
	security.protocol = PLAINTEXT
	security.providers = null
	send.buffer.bytes = 131072
	socket.connection.setup.timeout.max.ms = 30000
	socket.connection.setup.timeout.ms = 10000
	ssl.cipher.suites = null
	ssl.enabled.protocols = [TLSv1.2, TLSv1.3]
	ssl.endpoint.identification.algorithm = https
	ssl.engine.factory.class = null
	ssl.key.password = null
	ssl.keymanager.algorithm = SunX509
	ssl.keystore.certificate.chain = null
	ssl.keystore.key = null
	ssl.keystore.location = null
	ssl.keystore.password = null
	ssl.keystore.type = JKS
	ssl.protocol = TLSv1.3
	ssl.provider = null
	ssl.secure.random.implementation = null
	ssl.trustmanager.algorithm = PKIX
	ssl.truststore.certificates = null
	ssl.truststore.location = null
	ssl.truststore.password = null
	ssl.truststore.type = JKS

2026-04-26T19:44:05.031-07:00  INFO 8376 --- [transaction-engine] [           main] o.a.kafka.common.utils.AppInfoParser     : Kafka version: 3.6.1
2026-04-26T19:44:05.031-07:00  INFO 8376 --- [transaction-engine] [           main] o.a.kafka.common.utils.AppInfoParser     : Kafka commitId: 5e3c2b738d253ff5
2026-04-26T19:44:05.031-07:00  INFO 8376 --- [transaction-engine] [           main] o.a.kafka.common.utils.AppInfoParser     : Kafka startTimeMs: 1777257845030
2026-04-26T19:44:05.060-07:00  INFO 8376 --- [transaction-engine] [0-event-handler] o.a.k.c.ReplicationControlManager        : [QuorumController id=0] CreateTopics result(s): CreatableTopic(name='risk-results', numPartitions=1, replicationFactor=1, assignments=[], configs=[]): SUCCESS
2026-04-26T19:44:05.061-07:00  INFO 8376 --- [transaction-engine] [0-event-handler] o.a.k.c.ReplicationControlManager        : [QuorumController id=0] Replayed TopicRecord for topic risk-results with topic ID TVfFse-KTMm1V1xTgvcSgg.
2026-04-26T19:44:05.061-07:00  INFO 8376 --- [transaction-engine] [0-event-handler] o.a.k.c.ReplicationControlManager        : [QuorumController id=0] Replayed PartitionRecord for new partition risk-results-0 with topic ID TVfFse-KTMm1V1xTgvcSgg and PartitionRegistration(replicas=[0], isr=[0], removingReplicas=[], addingReplicas=[], leader=0, leaderRecoveryState=RECOVERED, leaderEpoch=0, partitionEpoch=0).
2026-04-26T19:44:05.095-07:00  INFO 8376 --- [transaction-engine] [r-event-handler] state.change.logger                      : [Broker id=0] Transitioning 1 partition(s) to local leaders.
2026-04-26T19:44:05.095-07:00  INFO 8376 --- [transaction-engine] [r-event-handler] kafka.server.ReplicaFetcherManager       : [ReplicaFetcherManager on broker 0] Removed fetcher for partitions Set(risk-results-0)
2026-04-26T19:44:05.096-07:00  INFO 8376 --- [transaction-engine] [r-event-handler] state.change.logger                      : [Broker id=0] Creating new partition risk-results-0 with topic id TVfFse-KTMm1V1xTgvcSgg.
2026-04-26T19:44:05.097-07:00  INFO 8376 --- [transaction-engine] [| adminclient-1] o.a.kafka.common.utils.AppInfoParser     : App info kafka.admin.client for adminclient-1 unregistered
2026-04-26T19:44:05.101-07:00  INFO 8376 --- [transaction-engine] [| adminclient-1] o.apache.kafka.common.metrics.Metrics    : Metrics scheduler closed
2026-04-26T19:44:05.101-07:00  INFO 8376 --- [transaction-engine] [| adminclient-1] o.apache.kafka.common.metrics.Metrics    : Closing reporter org.apache.kafka.common.metrics.JmxReporter
2026-04-26T19:44:05.101-07:00  INFO 8376 --- [transaction-engine] [| adminclient-1] o.apache.kafka.common.metrics.Metrics    : Metrics reporters closed
2026-04-26T19:44:05.107-07:00  INFO 8376 --- [transaction-engine] [r-event-handler] kafka.log.UnifiedLog$                    : [LogLoader partition=risk-results-0, dir=/var/folders/xl/mtm89xsn1mz9nkt3cf7x6s9w0000gn/T/kafka-18087789630953053348/broker_0_data0] Loading producer state till offset 0 with message format version 2
2026-04-26T19:44:05.109-07:00  INFO 8376 --- [transaction-engine] [r-event-handler] kafka.log.LogManager                     : Created log for partition risk-results-0 in /var/folders/xl/mtm89xsn1mz9nkt3cf7x6s9w0000gn/T/kafka-18087789630953053348/broker_0_data0/risk-results-0 with properties {}
2026-04-26T19:44:05.110-07:00  INFO 8376 --- [transaction-engine] [r-event-handler] kafka.cluster.Partition                  : [Partition risk-results-0 broker=0] No checkpointed highwatermark is found for partition risk-results-0
2026-04-26T19:44:05.111-07:00  INFO 8376 --- [transaction-engine] [r-event-handler] kafka.cluster.Partition                  : [Partition risk-results-0 broker=0] Log loaded for partition risk-results-0 with initial high watermark 0
2026-04-26T19:44:05.112-07:00  INFO 8376 --- [transaction-engine] [r-event-handler] state.change.logger                      : [Broker id=0] Leader risk-results-0 with topic id Some(TVfFse-KTMm1V1xTgvcSgg) starts at leader epoch 0 from offset 0 with partition epoch 0, high watermark 0, ISR [0], adding replicas [] and removing replicas [] . Previous leader None and previous leader epoch was -1.
2026-04-26T19:44:05.114-07:00  INFO 8376 --- [transaction-engine] [           main] c.s.t.contract.ContractIntegrationTest   : Starting ContractIntegrationTest using Java 21.0.10 with PID 8376 (started by dipika in /Users/dipika/Desktop/SDET with Jatin/RestAssuredAPITesting/APITestingRest/sentinel-parent/sentinel-transaction-engine)
2026-04-26T19:44:05.114-07:00  INFO 8376 --- [transaction-engine] [           main] c.s.t.contract.ContractIntegrationTest   : The following 1 profile is active: "test"
2026-04-26T19:44:05.667-07:00  INFO 8376 --- [transaction-engine] [           main] .s.d.r.c.RepositoryConfigurationDelegate : Bootstrapping Spring Data JPA repositories in DEFAULT mode.
2026-04-26T19:44:05.870-07:00  INFO 8376 --- [transaction-engine] [           main] .s.d.r.c.RepositoryConfigurationDelegate : Finished Spring Data repository scanning in 198 ms. Found 1 JPA repository interface.
2026-04-26T19:44:06.013-07:00  INFO 8376 --- [transaction-engine] [           main] faultConfiguringBeanFactoryPostProcessor : No bean named 'errorChannel' has been explicitly defined. Therefore, a default PublishSubscribeChannel will be created.
2026-04-26T19:44:06.017-07:00  INFO 8376 --- [transaction-engine] [           main] faultConfiguringBeanFactoryPostProcessor : No bean named 'integrationHeaderChannelRegistry' has been explicitly defined. Therefore, a default DefaultHeaderChannelRegistry will be created.
2026-04-26T19:44:06.135-07:00  INFO 8376 --- [transaction-engine] [           main] o.s.cloud.context.scope.GenericScope     : BeanFactory id=6a4b2036-f535-3a34-9d81-2558a637013a
2026-04-26T19:44:06.551-07:00  INFO 8376 --- [transaction-engine] [           main] o.hibernate.jpa.internal.util.LogHelper  : HHH000204: Processing PersistenceUnitInfo [name: default]
2026-04-26T19:44:06.593-07:00  INFO 8376 --- [transaction-engine] [           main] org.hibernate.Version                    : HHH000412: Hibernate ORM core version 6.4.4.Final
2026-04-26T19:44:06.616-07:00  INFO 8376 --- [transaction-engine] [           main] o.h.c.internal.RegionFactoryInitiator    : HHH000026: Second-level cache disabled
2026-04-26T19:44:06.783-07:00  INFO 8376 --- [transaction-engine] [           main] o.s.o.j.p.SpringPersistenceUnitInfo      : No LoadTimeWeaver setup: ignoring JPA class transformer
2026-04-26T19:44:06.802-07:00  INFO 8376 --- [transaction-engine] [           main] com.zaxxer.hikari.HikariDataSource       : HikariPool-1 - Starting...
2026-04-26T19:44:06.948-07:00  INFO 8376 --- [transaction-engine] [           main] com.zaxxer.hikari.pool.HikariPool        : HikariPool-1 - Added connection conn0: url=jdbc:h2:mem:testdb user=SA
2026-04-26T19:44:06.949-07:00  INFO 8376 --- [transaction-engine] [           main] com.zaxxer.hikari.HikariDataSource       : HikariPool-1 - Start completed.
2026-04-26T19:44:07.609-07:00  INFO 8376 --- [transaction-engine] [           main] o.h.e.t.j.p.i.JtaPlatformInitiator       : HHH000489: No JTA platform available (set 'hibernate.transaction.jta.platform' to enable JTA platform integration)
2026-04-26T19:44:07.648-07:00  INFO 8376 --- [transaction-engine] [           main] j.LocalContainerEntityManagerFactoryBean : Initialized JPA EntityManagerFactory for persistence unit 'default'
2026-04-26T19:44:09.010-07:00  INFO 8376 --- [transaction-engine] [           main] o.s.c.s.m.DirectWithAttributesChannel    : Channel 'transaction-engine.riskResultsConsumer-in-0' has 1 subscriber(s).
2026-04-26T19:44:09.168-07:00  INFO 8376 --- [transaction-engine] [           main] o.s.i.endpoint.EventDrivenConsumer       : Adding {logging-channel-adapter:_org.springframework.integration.errorLogger} as a subscriber to the 'errorChannel' channel
2026-04-26T19:44:09.168-07:00  INFO 8376 --- [transaction-engine] [           main] o.s.i.channel.PublishSubscribeChannel    : Channel 'transaction-engine.errorChannel' has 1 subscriber(s).
2026-04-26T19:44:09.168-07:00  INFO 8376 --- [transaction-engine] [           main] o.s.i.endpoint.EventDrivenConsumer       : started bean '_org.springframework.integration.errorLogger'
2026-04-26T19:44:09.169-07:00  INFO 8376 --- [transaction-engine] [           main] o.s.c.s.binder.DefaultBinderFactory      : Creating binder: kafka
2026-04-26T19:44:09.169-07:00  INFO 8376 --- [transaction-engine] [           main] o.s.c.s.binder.DefaultBinderFactory      : Constructing binder child context for kafka
2026-04-26T19:44:09.223-07:00  INFO 8376 --- [transaction-engine] [           main] o.s.c.s.binder.DefaultBinderFactory      : Caching the binder: kafka
2026-04-26T19:44:09.232-07:00  INFO 8376 --- [transaction-engine] [           main] o.a.k.clients.admin.AdminClientConfig    : AdminClientConfig values: 
	auto.include.jmx.reporter = true
	bootstrap.servers = [localhost:50676]
	client.dns.lookup = use_all_dns_ips
	client.id = 
	connections.max.idle.ms = 300000
	default.api.timeout.ms = 60000
	metadata.max.age.ms = 300000
	metric.reporters = []
	metrics.num.samples = 2
	metrics.recording.level = INFO
	metrics.sample.window.ms = 30000
	receive.buffer.bytes = 65536
	reconnect.backoff.max.ms = 1000
	reconnect.backoff.ms = 50
	request.timeout.ms = 30000
	retries = 2147483647
	retry.backoff.ms = 100
	sasl.client.callback.handler.class = null
	sasl.jaas.config = null
	sasl.kerberos.kinit.cmd = /usr/bin/kinit
	sasl.kerberos.min.time.before.relogin = 60000
	sasl.kerberos.service.name = null
	sasl.kerberos.ticket.renew.jitter = 0.05
	sasl.kerberos.ticket.renew.window.factor = 0.8
	sasl.login.callback.handler.class = null
	sasl.login.class = null
	sasl.login.connect.timeout.ms = null
	sasl.login.read.timeout.ms = null
	sasl.login.refresh.buffer.seconds = 300
	sasl.login.refresh.min.period.seconds = 60
	sasl.login.refresh.window.factor = 0.8
	sasl.login.refresh.window.jitter = 0.05
	sasl.login.retry.backoff.max.ms = 10000
	sasl.login.retry.backoff.ms = 100
	sasl.mechanism = GSSAPI
	sasl.oauthbearer.clock.skew.seconds = 30
	sasl.oauthbearer.expected.audience = null
	sasl.oauthbearer.expected.issuer = null
	sasl.oauthbearer.jwks.endpoint.refresh.ms = 3600000
	sasl.oauthbearer.jwks.endpoint.retry.backoff.max.ms = 10000
	sasl.oauthbearer.jwks.endpoint.retry.backoff.ms = 100
	sasl.oauthbearer.jwks.endpoint.url = null
	sasl.oauthbearer.scope.claim.name = scope
	sasl.oauthbearer.sub.claim.name = sub
	sasl.oauthbearer.token.endpoint.url = null
	security.protocol = PLAINTEXT
	security.providers = null
	send.buffer.bytes = 131072
	socket.connection.setup.timeout.max.ms = 30000
	socket.connection.setup.timeout.ms = 10000
	ssl.cipher.suites = null
	ssl.enabled.protocols = [TLSv1.2, TLSv1.3]
	ssl.endpoint.identification.algorithm = https
	ssl.engine.factory.class = null
	ssl.key.password = null
	ssl.keymanager.algorithm = SunX509
	ssl.keystore.certificate.chain = null
	ssl.keystore.key = null
	ssl.keystore.location = null
	ssl.keystore.password = null
	ssl.keystore.type = JKS
	ssl.protocol = TLSv1.3
	ssl.provider = null
	ssl.secure.random.implementation = null
	ssl.trustmanager.algorithm = PKIX
	ssl.truststore.certificates = null
	ssl.truststore.location = null
	ssl.truststore.password = null
	ssl.truststore.type = JKS

2026-04-26T19:44:09.234-07:00  INFO 8376 --- [transaction-engine] [           main] o.a.kafka.common.utils.AppInfoParser     : Kafka version: 3.6.1
2026-04-26T19:44:09.234-07:00  INFO 8376 --- [transaction-engine] [           main] o.a.kafka.common.utils.AppInfoParser     : Kafka commitId: 5e3c2b738d253ff5
2026-04-26T19:44:09.234-07:00  INFO 8376 --- [transaction-engine] [           main] o.a.kafka.common.utils.AppInfoParser     : Kafka startTimeMs: 1777257849234
2026-04-26T19:44:09.250-07:00  INFO 8376 --- [transaction-engine] [0-event-handler] o.a.k.c.ReplicationControlManager        : [QuorumController id=0] CreateTopics result(s): CreatableTopic(name='riskResultsConsumer-in-0', numPartitions=1, replicationFactor=-1, assignments=[], configs=[]): SUCCESS
2026-04-26T19:44:09.250-07:00  INFO 8376 --- [transaction-engine] [0-event-handler] o.a.k.c.ReplicationControlManager        : [QuorumController id=0] Replayed TopicRecord for topic riskResultsConsumer-in-0 with topic ID vVpDxN28Q6W4lsvP2l21eQ.
2026-04-26T19:44:09.250-07:00  INFO 8376 --- [transaction-engine] [0-event-handler] o.a.k.c.ReplicationControlManager        : [QuorumController id=0] Replayed PartitionRecord for new partition riskResultsConsumer-in-0-0 with topic ID vVpDxN28Q6W4lsvP2l21eQ and PartitionRegistration(replicas=[0], isr=[0], removingReplicas=[], addingReplicas=[], leader=0, leaderRecoveryState=RECOVERED, leaderEpoch=0, partitionEpoch=0).
2026-04-26T19:44:09.280-07:00  INFO 8376 --- [transaction-engine] [r-event-handler] state.change.logger                      : [Broker id=0] Transitioning 1 partition(s) to local leaders.
2026-04-26T19:44:09.280-07:00  INFO 8376 --- [transaction-engine] [r-event-handler] kafka.server.ReplicaFetcherManager       : [ReplicaFetcherManager on broker 0] Removed fetcher for partitions Set(riskResultsConsumer-in-0-0)
2026-04-26T19:44:09.280-07:00  INFO 8376 --- [transaction-engine] [r-event-handler] state.change.logger                      : [Broker id=0] Creating new partition riskResultsConsumer-in-0-0 with topic id vVpDxN28Q6W4lsvP2l21eQ.
2026-04-26T19:44:09.285-07:00  INFO 8376 --- [transaction-engine] [| adminclient-2] o.a.kafka.common.utils.AppInfoParser     : App info kafka.admin.client for adminclient-2 unregistered
2026-04-26T19:44:09.286-07:00  INFO 8376 --- [transaction-engine] [| adminclient-2] o.apache.kafka.common.metrics.Metrics    : Metrics scheduler closed
2026-04-26T19:44:09.286-07:00  INFO 8376 --- [transaction-engine] [| adminclient-2] o.apache.kafka.common.metrics.Metrics    : Closing reporter org.apache.kafka.common.metrics.JmxReporter
2026-04-26T19:44:09.286-07:00  INFO 8376 --- [transaction-engine] [| adminclient-2] o.apache.kafka.common.metrics.Metrics    : Metrics reporters closed
2026-04-26T19:44:09.287-07:00  INFO 8376 --- [transaction-engine] [r-event-handler] kafka.log.UnifiedLog$                    : [LogLoader partition=riskResultsConsumer-in-0-0, dir=/var/folders/xl/mtm89xsn1mz9nkt3cf7x6s9w0000gn/T/kafka-18087789630953053348/broker_0_data0] Loading producer state till offset 0 with message format version 2
2026-04-26T19:44:09.287-07:00  WARN 8376 --- [transaction-engine] [           main] b.k.p.KafkaBinderConfigurationProperties : Ignoring provided value(s) for 'group.id'. Use spring.cloud.stream.default.group or spring.cloud.stream.binding.<name>.group to specify the group instead of group.id
2026-04-26T19:44:09.287-07:00  INFO 8376 --- [transaction-engine] [r-event-handler] kafka.log.LogManager                     : Created log for partition riskResultsConsumer-in-0-0 in /var/folders/xl/mtm89xsn1mz9nkt3cf7x6s9w0000gn/T/kafka-18087789630953053348/broker_0_data0/riskResultsConsumer-in-0-0 with properties {}
2026-04-26T19:44:09.287-07:00  INFO 8376 --- [transaction-engine] [r-event-handler] kafka.cluster.Partition                  : [Partition riskResultsConsumer-in-0-0 broker=0] No checkpointed highwatermark is found for partition riskResultsConsumer-in-0-0
2026-04-26T19:44:09.287-07:00  INFO 8376 --- [transaction-engine] [r-event-handler] kafka.cluster.Partition                  : [Partition riskResultsConsumer-in-0-0 broker=0] Log loaded for partition riskResultsConsumer-in-0-0 with initial high watermark 0
2026-04-26T19:44:09.287-07:00  INFO 8376 --- [transaction-engine] [r-event-handler] state.change.logger                      : [Broker id=0] Leader riskResultsConsumer-in-0-0 with topic id Some(vVpDxN28Q6W4lsvP2l21eQ) starts at leader epoch 0 from offset 0 with partition epoch 0, high watermark 0, ISR [0], adding replicas [] and removing replicas [] . Previous leader None and previous leader epoch was -1.
2026-04-26T19:44:09.295-07:00  INFO 8376 --- [transaction-engine] [           main] o.a.k.clients.consumer.ConsumerConfig    : ConsumerConfig values: 
	allow.auto.create.topics = true
	auto.commit.interval.ms = 100
	auto.include.jmx.reporter = true
	auto.offset.reset = earliest
	bootstrap.servers = [localhost:50676]
	check.crcs = true
	client.dns.lookup = use_all_dns_ips
	client.id = consumer-anonymous.db796be9-ba45-4b2f-aaca-1bf87ab732d8-1
	client.rack = 
	connections.max.idle.ms = 540000
	default.api.timeout.ms = 60000
	enable.auto.commit = false
	exclude.internal.topics = true
	fetch.max.bytes = 52428800
	fetch.max.wait.ms = 500
	fetch.min.bytes = 1
	group.id = anonymous.db796be9-ba45-4b2f-aaca-1bf87ab732d8
	group.instance.id = null
	heartbeat.interval.ms = 3000
	interceptor.classes = []
	internal.leave.group.on.close = true
	internal.throw.on.fetch.stable.offset.unsupported = false
	isolation.level = read_uncommitted
	key.deserializer = class org.apache.kafka.common.serialization.StringDeserializer
	max.partition.fetch.bytes = 1048576
	max.poll.interval.ms = 300000
	max.poll.records = 500
	metadata.max.age.ms = 300000
	metric.reporters = []
	metrics.num.samples = 2
	metrics.recording.level = INFO
	metrics.sample.window.ms = 30000
	partition.assignment.strategy = [class org.apache.kafka.clients.consumer.RangeAssignor, class org.apache.kafka.clients.consumer.CooperativeStickyAssignor]
	receive.buffer.bytes = 65536
	reconnect.backoff.max.ms = 1000
	reconnect.backoff.ms = 50
	request.timeout.ms = 30000
	retry.backoff.ms = 100
	sasl.client.callback.handler.class = null
	sasl.jaas.config = null
	sasl.kerberos.kinit.cmd = /usr/bin/kinit
	sasl.kerberos.min.time.before.relogin = 60000
	sasl.kerberos.service.name = null
	sasl.kerberos.ticket.renew.jitter = 0.05
	sasl.kerberos.ticket.renew.window.factor = 0.8
	sasl.login.callback.handler.class = null
	sasl.login.class = null
	sasl.login.connect.timeout.ms = null
	sasl.login.read.timeout.ms = null
	sasl.login.refresh.buffer.seconds = 300
	sasl.login.refresh.min.period.seconds = 60
	sasl.login.refresh.window.factor = 0.8
	sasl.login.refresh.window.jitter = 0.05
	sasl.login.retry.backoff.max.ms = 10000
	sasl.login.retry.backoff.ms = 100
	sasl.mechanism = GSSAPI
	sasl.oauthbearer.clock.skew.seconds = 30
	sasl.oauthbearer.expected.audience = null
	sasl.oauthbearer.expected.issuer = null
	sasl.oauthbearer.jwks.endpoint.refresh.ms = 3600000
	sasl.oauthbearer.jwks.endpoint.retry.backoff.max.ms = 10000
	sasl.oauthbearer.jwks.endpoint.retry.backoff.ms = 100
	sasl.oauthbearer.jwks.endpoint.url = null
	sasl.oauthbearer.scope.claim.name = scope
	sasl.oauthbearer.sub.claim.name = sub
	sasl.oauthbearer.token.endpoint.url = null
	security.protocol = PLAINTEXT
	security.providers = null
	send.buffer.bytes = 131072
	session.timeout.ms = 45000
	socket.connection.setup.timeout.max.ms = 30000
	socket.connection.setup.timeout.ms = 10000
	ssl.cipher.suites = null
	ssl.enabled.protocols = [TLSv1.2, TLSv1.3]
	ssl.endpoint.identification.algorithm = https
	ssl.engine.factory.class = null
	ssl.key.password = null
	ssl.keymanager.algorithm = SunX509
	ssl.keystore.certificate.chain = null
	ssl.keystore.key = null
	ssl.keystore.location = null
	ssl.keystore.password = null
	ssl.keystore.type = JKS
	ssl.protocol = TLSv1.3
	ssl.provider = null
	ssl.secure.random.implementation = null
	ssl.trustmanager.algorithm = PKIX
	ssl.truststore.certificates = null
	ssl.truststore.location = null
	ssl.truststore.password = null
	ssl.truststore.type = JKS
	value.deserializer = class org.springframework.kafka.support.serializer.JsonDeserializer

2026-04-26T19:44:09.356-07:00  INFO 8376 --- [transaction-engine] [           main] o.a.kafka.common.utils.AppInfoParser     : Kafka version: 3.6.1
2026-04-26T19:44:09.356-07:00  INFO 8376 --- [transaction-engine] [           main] o.a.kafka.common.utils.AppInfoParser     : Kafka commitId: 5e3c2b738d253ff5
2026-04-26T19:44:09.356-07:00  INFO 8376 --- [transaction-engine] [           main] o.a.kafka.common.utils.AppInfoParser     : Kafka startTimeMs: 1777257849356
2026-04-26T19:44:09.362-07:00  INFO 8376 --- [transaction-engine] [           main] org.apache.kafka.clients.Metadata        : [Consumer clientId=consumer-anonymous.db796be9-ba45-4b2f-aaca-1bf87ab732d8-1, groupId=anonymous.db796be9-ba45-4b2f-aaca-1bf87ab732d8] Cluster ID: Z7QKsqR8Rp28bp32t2q9Tg
2026-04-26T19:44:09.363-07:00  INFO 8376 --- [transaction-engine] [           main] o.a.k.c.c.internals.ConsumerCoordinator  : [Consumer clientId=consumer-anonymous.db796be9-ba45-4b2f-aaca-1bf87ab732d8-1, groupId=anonymous.db796be9-ba45-4b2f-aaca-1bf87ab732d8] Resetting generation and member id due to: consumer pro-actively leaving the group
2026-04-26T19:44:09.363-07:00  INFO 8376 --- [transaction-engine] [           main] o.a.k.c.c.internals.ConsumerCoordinator  : [Consumer clientId=consumer-anonymous.db796be9-ba45-4b2f-aaca-1bf87ab732d8-1, groupId=anonymous.db796be9-ba45-4b2f-aaca-1bf87ab732d8] Request joining group due to: consumer pro-actively leaving the group
2026-04-26T19:44:09.364-07:00  INFO 8376 --- [transaction-engine] [           main] o.apache.kafka.common.metrics.Metrics    : Metrics scheduler closed
2026-04-26T19:44:09.364-07:00  INFO 8376 --- [transaction-engine] [           main] o.apache.kafka.common.metrics.Metrics    : Closing reporter org.apache.kafka.common.metrics.JmxReporter
2026-04-26T19:44:09.365-07:00  INFO 8376 --- [transaction-engine] [           main] o.apache.kafka.common.metrics.Metrics    : Metrics reporters closed
2026-04-26T19:44:09.365-07:00  INFO 8376 --- [transaction-engine] [           main] o.a.kafka.common.utils.AppInfoParser     : App info kafka.consumer for consumer-anonymous.db796be9-ba45-4b2f-aaca-1bf87ab732d8-1 unregistered
2026-04-26T19:44:09.373-07:00  INFO 8376 --- [transaction-engine] [           main] o.s.c.stream.binder.BinderErrorChannel   : Channel 'kafka-1467910371.riskResultsConsumer-in-0.errors' has 1 subscriber(s).
2026-04-26T19:44:09.374-07:00  INFO 8376 --- [transaction-engine] [           main] o.s.c.stream.binder.BinderErrorChannel   : Channel 'kafka-1467910371.riskResultsConsumer-in-0.errors' has 0 subscriber(s).
2026-04-26T19:44:09.374-07:00  INFO 8376 --- [transaction-engine] [           main] o.s.c.stream.binder.BinderErrorChannel   : Channel 'kafka-1467910371.riskResultsConsumer-in-0.errors' has 1 subscriber(s).
2026-04-26T19:44:09.374-07:00  INFO 8376 --- [transaction-engine] [           main] o.s.c.stream.binder.BinderErrorChannel   : Channel 'kafka-1467910371.riskResultsConsumer-in-0.errors' has 2 subscriber(s).
2026-04-26T19:44:09.387-07:00  INFO 8376 --- [transaction-engine] [           main] o.a.k.clients.consumer.ConsumerConfig    : ConsumerConfig values: 
	allow.auto.create.topics = true
	auto.commit.interval.ms = 100
	auto.include.jmx.reporter = true
	auto.offset.reset = earliest
	bootstrap.servers = [localhost:50676]
	check.crcs = true
	client.dns.lookup = use_all_dns_ips
	client.id = consumer-anonymous.db796be9-ba45-4b2f-aaca-1bf87ab732d8-2
	client.rack = 
	connections.max.idle.ms = 540000
	default.api.timeout.ms = 60000
	enable.auto.commit = false
	exclude.internal.topics = true
	fetch.max.bytes = 52428800
	fetch.max.wait.ms = 500
	fetch.min.bytes = 1
	group.id = anonymous.db796be9-ba45-4b2f-aaca-1bf87ab732d8
	group.instance.id = null
	heartbeat.interval.ms = 3000
	interceptor.classes = []
	internal.leave.group.on.close = true
	internal.throw.on.fetch.stable.offset.unsupported = false
	isolation.level = read_uncommitted
	key.deserializer = class org.apache.kafka.common.serialization.StringDeserializer
	max.partition.fetch.bytes = 1048576
	max.poll.interval.ms = 300000
	max.poll.records = 500
	metadata.max.age.ms = 300000
	metric.reporters = []
	metrics.num.samples = 2
	metrics.recording.level = INFO
	metrics.sample.window.ms = 30000
	partition.assignment.strategy = [class org.apache.kafka.clients.consumer.RangeAssignor, class org.apache.kafka.clients.consumer.CooperativeStickyAssignor]
	receive.buffer.bytes = 65536
	reconnect.backoff.max.ms = 1000
	reconnect.backoff.ms = 50
	request.timeout.ms = 30000
	retry.backoff.ms = 100
	sasl.client.callback.handler.class = null
	sasl.jaas.config = null
	sasl.kerberos.kinit.cmd = /usr/bin/kinit
	sasl.kerberos.min.time.before.relogin = 60000
	sasl.kerberos.service.name = null
	sasl.kerberos.ticket.renew.jitter = 0.05
	sasl.kerberos.ticket.renew.window.factor = 0.8
	sasl.login.callback.handler.class = null
	sasl.login.class = null
	sasl.login.connect.timeout.ms = null
	sasl.login.read.timeout.ms = null
	sasl.login.refresh.buffer.seconds = 300
	sasl.login.refresh.min.period.seconds = 60
	sasl.login.refresh.window.factor = 0.8
	sasl.login.refresh.window.jitter = 0.05
	sasl.login.retry.backoff.max.ms = 10000
	sasl.login.retry.backoff.ms = 100
	sasl.mechanism = GSSAPI
	sasl.oauthbearer.clock.skew.seconds = 30
	sasl.oauthbearer.expected.audience = null
	sasl.oauthbearer.expected.issuer = null
	sasl.oauthbearer.jwks.endpoint.refresh.ms = 3600000
	sasl.oauthbearer.jwks.endpoint.retry.backoff.max.ms = 10000
	sasl.oauthbearer.jwks.endpoint.retry.backoff.ms = 100
	sasl.oauthbearer.jwks.endpoint.url = null
	sasl.oauthbearer.scope.claim.name = scope
	sasl.oauthbearer.sub.claim.name = sub
	sasl.oauthbearer.token.endpoint.url = null
	security.protocol = PLAINTEXT
	security.providers = null
	send.buffer.bytes = 131072
	session.timeout.ms = 45000
	socket.connection.setup.timeout.max.ms = 30000
	socket.connection.setup.timeout.ms = 10000
	ssl.cipher.suites = null
	ssl.enabled.protocols = [TLSv1.2, TLSv1.3]
	ssl.endpoint.identification.algorithm = https
	ssl.engine.factory.class = null
	ssl.key.password = null
	ssl.keymanager.algorithm = SunX509
	ssl.keystore.certificate.chain = null
	ssl.keystore.key = null
	ssl.keystore.location = null
	ssl.keystore.password = null
	ssl.keystore.type = JKS
	ssl.protocol = TLSv1.3
	ssl.provider = null
	ssl.secure.random.implementation = null
	ssl.trustmanager.algorithm = PKIX
	ssl.truststore.certificates = null
	ssl.truststore.location = null
	ssl.truststore.password = null
	ssl.truststore.type = JKS
	value.deserializer = class org.springframework.kafka.support.serializer.JsonDeserializer

2026-04-26T19:44:09.390-07:00  INFO 8376 --- [transaction-engine] [           main] o.a.kafka.common.utils.AppInfoParser     : Kafka version: 3.6.1
2026-04-26T19:44:09.391-07:00  INFO 8376 --- [transaction-engine] [           main] o.a.kafka.common.utils.AppInfoParser     : Kafka commitId: 5e3c2b738d253ff5
2026-04-26T19:44:09.391-07:00  INFO 8376 --- [transaction-engine] [           main] o.a.kafka.common.utils.AppInfoParser     : Kafka startTimeMs: 1777257849390
2026-04-26T19:44:09.392-07:00  INFO 8376 --- [transaction-engine] [           main] fkaConsumerFactory$ExtendedKafkaConsumer : [Consumer clientId=consumer-anonymous.db796be9-ba45-4b2f-aaca-1bf87ab732d8-2, groupId=anonymous.db796be9-ba45-4b2f-aaca-1bf87ab732d8] Subscribed to topic(s): riskResultsConsumer-in-0
2026-04-26T19:44:09.395-07:00  INFO 8376 --- [transaction-engine] [           main] s.i.k.i.KafkaMessageDrivenChannelAdapter : started org.springframework.integration.kafka.inbound.KafkaMessageDrivenChannelAdapter@5fc444d0
2026-04-26T19:44:09.397-07:00  INFO 8376 --- [transaction-engine] [           main] o.a.k.clients.consumer.ConsumerConfig    : ConsumerConfig values: 
	allow.auto.create.topics = true
	auto.commit.interval.ms = 5000
	auto.include.jmx.reporter = true
	auto.offset.reset = earliest
	bootstrap.servers = [localhost:50676]
	check.crcs = true
	client.dns.lookup = use_all_dns_ips
	client.id = consumer-transaction-engine-group-3
	client.rack = 
	connections.max.idle.ms = 540000
	default.api.timeout.ms = 60000
	enable.auto.commit = false
	exclude.internal.topics = true
	fetch.max.bytes = 52428800
	fetch.max.wait.ms = 500
	fetch.min.bytes = 1
	group.id = transaction-engine-group
	group.instance.id = null
	heartbeat.interval.ms = 3000
	interceptor.classes = []
	internal.leave.group.on.close = true
	internal.throw.on.fetch.stable.offset.unsupported = false
	isolation.level = read_uncommitted
	key.deserializer = class org.apache.kafka.common.serialization.StringDeserializer
	max.partition.fetch.bytes = 1048576
	max.poll.interval.ms = 300000
	max.poll.records = 500
	metadata.max.age.ms = 300000
	metric.reporters = []
	metrics.num.samples = 2
	metrics.recording.level = INFO
	metrics.sample.window.ms = 30000
	partition.assignment.strategy = [class org.apache.kafka.clients.consumer.RangeAssignor, class org.apache.kafka.clients.consumer.CooperativeStickyAssignor]
	receive.buffer.bytes = 65536
	reconnect.backoff.max.ms = 1000
	reconnect.backoff.ms = 50
	request.timeout.ms = 30000
	retry.backoff.ms = 100
	sasl.client.callback.handler.class = null
	sasl.jaas.config = null
	sasl.kerberos.kinit.cmd = /usr/bin/kinit
	sasl.kerberos.min.time.before.relogin = 60000
	sasl.kerberos.service.name = null
	sasl.kerberos.ticket.renew.jitter = 0.05
	sasl.kerberos.ticket.renew.window.factor = 0.8
	sasl.login.callback.handler.class = null
	sasl.login.class = null
	sasl.login.connect.timeout.ms = null
	sasl.login.read.timeout.ms = null
	sasl.login.refresh.buffer.seconds = 300
	sasl.login.refresh.min.period.seconds = 60
	sasl.login.refresh.window.factor = 0.8
	sasl.login.refresh.window.jitter = 0.05
	sasl.login.retry.backoff.max.ms = 10000
	sasl.login.retry.backoff.ms = 100
	sasl.mechanism = GSSAPI
	sasl.oauthbearer.clock.skew.seconds = 30
	sasl.oauthbearer.expected.audience = null
	sasl.oauthbearer.expected.issuer = null
	sasl.oauthbearer.jwks.endpoint.refresh.ms = 3600000
	sasl.oauthbearer.jwks.endpoint.retry.backoff.max.ms = 10000
	sasl.oauthbearer.jwks.endpoint.retry.backoff.ms = 100
	sasl.oauthbearer.jwks.endpoint.url = null
	sasl.oauthbearer.scope.claim.name = scope
	sasl.oauthbearer.sub.claim.name = sub
	sasl.oauthbearer.token.endpoint.url = null
	security.protocol = PLAINTEXT
	security.providers = null
	send.buffer.bytes = 131072
	session.timeout.ms = 45000
	socket.connection.setup.timeout.max.ms = 30000
	socket.connection.setup.timeout.ms = 10000
	ssl.cipher.suites = null
	ssl.enabled.protocols = [TLSv1.2, TLSv1.3]
	ssl.endpoint.identification.algorithm = https
	ssl.engine.factory.class = null
	ssl.key.password = null
	ssl.keymanager.algorithm = SunX509
	ssl.keystore.certificate.chain = null
	ssl.keystore.key = null
	ssl.keystore.location = null
	ssl.keystore.password = null
	ssl.keystore.type = JKS
	ssl.protocol = TLSv1.3
	ssl.provider = null
	ssl.secure.random.implementation = null
	ssl.trustmanager.algorithm = PKIX
	ssl.truststore.certificates = null
	ssl.truststore.location = null
	ssl.truststore.password = null
	ssl.truststore.type = JKS
	value.deserializer = class org.springframework.kafka.support.serializer.JsonDeserializer

2026-04-26T19:44:09.400-07:00  INFO 8376 --- [transaction-engine] [           main] o.a.kafka.common.utils.AppInfoParser     : Kafka version: 3.6.1
2026-04-26T19:44:09.400-07:00  INFO 8376 --- [transaction-engine] [           main] o.a.kafka.common.utils.AppInfoParser     : Kafka commitId: 5e3c2b738d253ff5
2026-04-26T19:44:09.400-07:00  INFO 8376 --- [transaction-engine] [           main] o.a.kafka.common.utils.AppInfoParser     : Kafka startTimeMs: 1777257849400
2026-04-26T19:44:09.400-07:00  INFO 8376 --- [transaction-engine] [           main] fkaConsumerFactory$ExtendedKafkaConsumer : [Consumer clientId=consumer-transaction-engine-group-3, groupId=transaction-engine-group] Subscribed to topic(s): risk-results
2026-04-26T19:44:09.401-07:00  INFO 8376 --- [transaction-engine] [container-0-C-1] org.apache.kafka.clients.Metadata        : [Consumer clientId=consumer-anonymous.db796be9-ba45-4b2f-aaca-1bf87ab732d8-2, groupId=anonymous.db796be9-ba45-4b2f-aaca-1bf87ab732d8] Cluster ID: Z7QKsqR8Rp28bp32t2q9Tg
2026-04-26T19:44:09.403-07:00  INFO 8376 --- [transaction-engine] [quest-handler-3] k.s.DefaultAutoTopicCreationManager      : Sent auto-creation request for Set(__consumer_offsets) to the active controller.
2026-04-26T19:44:09.406-07:00  INFO 8376 --- [transaction-engine] [ntainer#0-0-C-1] org.apache.kafka.clients.Metadata        : [Consumer clientId=consumer-transaction-engine-group-3, groupId=transaction-engine-group] Cluster ID: Z7QKsqR8Rp28bp32t2q9Tg
2026-04-26T19:44:09.408-07:00  INFO 8376 --- [transaction-engine] [0-event-handler] o.a.k.c.ReplicationControlManager        : [QuorumController id=0] CreateTopics result(s): CreatableTopic(name='__consumer_offsets', numPartitions=50, replicationFactor=1, assignments=[], configs=[CreateableTopicConfig(name='compression.type', value='producer'), CreateableTopicConfig(name='cleanup.policy', value='compact'), CreateableTopicConfig(name='segment.bytes', value='104857600')]): SUCCESS
2026-04-26T19:44:09.408-07:00  INFO 8376 --- [transaction-engine] [0-event-handler] o.a.k.c.ReplicationControlManager        : [QuorumController id=0] Replayed TopicRecord for topic __consumer_offsets with topic ID yXGnQ6rDSDWIFvN8yQxFAg.
2026-04-26T19:44:09.408-07:00  INFO 8376 --- [transaction-engine] [0-event-handler] o.a.k.c.ConfigurationControlManager      : [QuorumController id=0] Replayed ConfigRecord for ConfigResource(type=TOPIC, name='__consumer_offsets') which set configuration compression.type to producer
2026-04-26T19:44:09.408-07:00  INFO 8376 --- [transaction-engine] [0-event-handler] o.a.k.c.ConfigurationControlManager      : [QuorumController id=0] Replayed ConfigRecord for ConfigResource(type=TOPIC, name='__consumer_offsets') which set configuration cleanup.policy to compact
2026-04-26T19:44:09.408-07:00  INFO 8376 --- [transaction-engine] [0-event-handler] o.a.k.c.ConfigurationControlManager      : [QuorumController id=0] Replayed ConfigRecord for ConfigResource(type=TOPIC, name='__consumer_offsets') which set configuration segment.bytes to 104857600
2026-04-26T19:44:09.408-07:00  INFO 8376 --- [transaction-engine] [0-event-handler] o.a.k.c.ReplicationControlManager        : [QuorumController id=0] Replayed PartitionRecord for new partition __consumer_offsets-0 with topic ID yXGnQ6rDSDWIFvN8yQxFAg and PartitionRegistration(replicas=[0], isr=[0], removingReplicas=[], addingReplicas=[], leader=0, leaderRecoveryState=RECOVERED, leaderEpoch=0, partitionEpoch=0).
2026-04-26T19:44:09.409-07:00  INFO 8376 --- [transaction-engine] [0-event-handler] o.a.k.c.ReplicationControlManager        : [QuorumController id=0] Replayed PartitionRecord for new partition __consumer_offsets-1 with topic ID yXGnQ6rDSDWIFvN8yQxFAg and PartitionRegistration(replicas=[0], isr=[0], removingReplicas=[], addingReplicas=[], leader=0, leaderRecoveryState=RECOVERED, leaderEpoch=0, partitionEpoch=0).
2026-04-26T19:44:09.409-07:00  INFO 8376 --- [transaction-engine] [0-event-handler] o.a.k.c.ReplicationControlManager        : [QuorumController id=0] Replayed PartitionRecord for new partition __consumer_offsets-2 with topic ID yXGnQ6rDSDWIFvN8yQxFAg and PartitionRegistration(replicas=[0], isr=[0], removingReplicas=[], addingReplicas=[], leader=0, leaderRecoveryState=RECOVERED, leaderEpoch=0, partitionEpoch=0).
2026-04-26T19:44:09.409-07:00  INFO 8376 --- [transaction-engine] [0-event-handler] o.a.k.c.ReplicationControlManager        : [QuorumController id=0] Replayed PartitionRecord for new partition __consumer_offsets-3 with topic ID yXGnQ6rDSDWIFvN8yQxFAg and PartitionRegistration(replicas=[0], isr=[0], removingReplicas=[], addingReplicas=[], leader=0, leaderRecoveryState=RECOVERED, leaderEpoch=0, partitionEpoch=0).
2026-04-26T19:44:09.409-07:00  INFO 8376 --- [transaction-engine] [0-event-handler] o.a.k.c.ReplicationControlManager        : [QuorumController id=0] Replayed PartitionRecord for new partition __consumer_offsets-4 with topic ID yXGnQ6rDSDWIFvN8yQxFAg and PartitionRegistration(replicas=[0], isr=[0], removingReplicas=[], addingReplicas=[], leader=0, leaderRecoveryState=RECOVERED, leaderEpoch=0, partitionEpoch=0).
2026-04-26T19:44:09.409-07:00  INFO 8376 --- [transaction-engine] [0-event-handler] o.a.k.c.ReplicationControlManager        : [QuorumController id=0] Replayed PartitionRecord for new partition __consumer_offsets-5 with topic ID yXGnQ6rDSDWIFvN8yQxFAg and PartitionRegistration(replicas=[0], isr=[0], removingReplicas=[], addingReplicas=[], leader=0, leaderRecoveryState=RECOVERED, leaderEpoch=0, partitionEpoch=0).
2026-04-26T19:44:09.409-07:00  INFO 8376 --- [transaction-engine] [0-event-handler] o.a.k.c.ReplicationControlManager        : [QuorumController id=0] Replayed PartitionRecord for new partition __consumer_offsets-6 with topic ID yXGnQ6rDSDWIFvN8yQxFAg and PartitionRegistration(replicas=[0], isr=[0], removingReplicas=[], addingReplicas=[], leader=0, leaderRecoveryState=RECOVERED, leaderEpoch=0, partitionEpoch=0).
2026-04-26T19:44:09.409-07:00  INFO 8376 --- [transaction-engine] [0-event-handler] o.a.k.c.ReplicationControlManager        : [QuorumController id=0] Replayed PartitionRecord for new partition __consumer_offsets-7 with topic ID yXGnQ6rDSDWIFvN8yQxFAg and PartitionRegistration(replicas=[0], isr=[0], removingReplicas=[], addingReplicas=[], leader=0, leaderRecoveryState=RECOVERED, leaderEpoch=0, partitionEpoch=0).
2026-04-26T19:44:09.409-07:00  INFO 8376 --- [transaction-engine] [0-event-handler] o.a.k.c.ReplicationControlManager        : [QuorumController id=0] Replayed PartitionRecord for new partition __consumer_offsets-8 with topic ID yXGnQ6rDSDWIFvN8yQxFAg and PartitionRegistration(replicas=[0], isr=[0], removingReplicas=[], addingReplicas=[], leader=0, leaderRecoveryState=RECOVERED, leaderEpoch=0, partitionEpoch=0).
2026-04-26T19:44:09.409-07:00  INFO 8376 --- [transaction-engine] [0-event-handler] o.a.k.c.ReplicationControlManager        : [QuorumController id=0] Replayed PartitionRecord for new partition __consumer_offsets-9 with topic ID yXGnQ6rDSDWIFvN8yQxFAg and PartitionRegistration(replicas=[0], isr=[0], removingReplicas=[], addingReplicas=[], leader=0, leaderRecoveryState=RECOVERED, leaderEpoch=0, partitionEpoch=0).
2026-04-26T19:44:09.409-07:00  INFO 8376 --- [transaction-engine] [0-event-handler] o.a.k.c.ReplicationControlManager        : [QuorumController id=0] Replayed PartitionRecord for new partition __consumer_offsets-10 with topic ID yXGnQ6rDSDWIFvN8yQxFAg and PartitionRegistration(replicas=[0], isr=[0], removingReplicas=[], addingReplicas=[], leader=0, leaderRecoveryState=RECOVERED, leaderEpoch=0, partitionEpoch=0).
2026-04-26T19:44:09.409-07:00  INFO 8376 --- [transaction-engine] [0-event-handler] o.a.k.c.ReplicationControlManager        : [QuorumController id=0] Replayed PartitionRecord for new partition __consumer_offsets-11 with topic ID yXGnQ6rDSDWIFvN8yQxFAg and PartitionRegistration(replicas=[0], isr=[0], removingReplicas=[], addingReplicas=[], leader=0, leaderRecoveryState=RECOVERED, leaderEpoch=0, partitionEpoch=0).
2026-04-26T19:44:09.409-07:00  INFO 8376 --- [transaction-engine] [0-event-handler] o.a.k.c.ReplicationControlManager        : [QuorumController id=0] Replayed PartitionRecord for new partition __consumer_offsets-12 with topic ID yXGnQ6rDSDWIFvN8yQxFAg and PartitionRegistration(replicas=[0], isr=[0], removingReplicas=[], addingReplicas=[], leader=0, leaderRecoveryState=RECOVERED, leaderEpoch=0, partitionEpoch=0).
2026-04-26T19:44:09.409-07:00  INFO 8376 --- [transaction-engine] [0-event-handler] o.a.k.c.ReplicationControlManager        : [QuorumController id=0] Replayed PartitionRecord for new partition __consumer_offsets-13 with topic ID yXGnQ6rDSDWIFvN8yQxFAg and PartitionRegistration(replicas=[0], isr=[0], removingReplicas=[], addingReplicas=[], leader=0, leaderRecoveryState=RECOVERED, leaderEpoch=0, partitionEpoch=0).
2026-04-26T19:44:09.409-07:00  INFO 8376 --- [transaction-engine] [0-event-handler] o.a.k.c.ReplicationControlManager        : [QuorumController id=0] Replayed PartitionRecord for new partition __consumer_offsets-14 with topic ID yXGnQ6rDSDWIFvN8yQxFAg and PartitionRegistration(replicas=[0], isr=[0], removingReplicas=[], addingReplicas=[], leader=0, leaderRecoveryState=RECOVERED, leaderEpoch=0, partitionEpoch=0).
2026-04-26T19:44:09.410-07:00  INFO 8376 --- [transaction-engine] [0-event-handler] o.a.k.c.ReplicationControlManager        : [QuorumController id=0] Replayed PartitionRecord for new partition __consumer_offsets-15 with topic ID yXGnQ6rDSDWIFvN8yQxFAg and PartitionRegistration(replicas=[0], isr=[0], removingReplicas=[], addingReplicas=[], leader=0, leaderRecoveryState=RECOVERED, leaderEpoch=0, partitionEpoch=0).
2026-04-26T19:44:09.410-07:00  INFO 8376 --- [transaction-engine] [0-event-handler] o.a.k.c.ReplicationControlManager        : [QuorumController id=0] Replayed PartitionRecord for new partition __consumer_offsets-16 with topic ID yXGnQ6rDSDWIFvN8yQxFAg and PartitionRegistration(replicas=[0], isr=[0], removingReplicas=[], addingReplicas=[], leader=0, leaderRecoveryState=RECOVERED, leaderEpoch=0, partitionEpoch=0).
2026-04-26T19:44:09.410-07:00  INFO 8376 --- [transaction-engine] [0-event-handler] o.a.k.c.ReplicationControlManager        : [QuorumController id=0] Replayed PartitionRecord for new partition __consumer_offsets-17 with topic ID yXGnQ6rDSDWIFvN8yQxFAg and PartitionRegistration(replicas=[0], isr=[0], removingReplicas=[], addingReplicas=[], leader=0, leaderRecoveryState=RECOVERED, leaderEpoch=0, partitionEpoch=0).
2026-04-26T19:44:09.410-07:00  INFO 8376 --- [transaction-engine] [0-event-handler] o.a.k.c.ReplicationControlManager        : [QuorumController id=0] Replayed PartitionRecord for new partition __consumer_offsets-18 with topic ID yXGnQ6rDSDWIFvN8yQxFAg and PartitionRegistration(replicas=[0], isr=[0], removingReplicas=[], addingReplicas=[], leader=0, leaderRecoveryState=RECOVERED, leaderEpoch=0, partitionEpoch=0).
2026-04-26T19:44:09.410-07:00  INFO 8376 --- [transaction-engine] [0-event-handler] o.a.k.c.ReplicationControlManager        : [QuorumController id=0] Replayed PartitionRecord for new partition __consumer_offsets-19 with topic ID yXGnQ6rDSDWIFvN8yQxFAg and PartitionRegistration(replicas=[0], isr=[0], removingReplicas=[], addingReplicas=[], leader=0, leaderRecoveryState=RECOVERED, leaderEpoch=0, partitionEpoch=0).
2026-04-26T19:44:09.410-07:00  INFO 8376 --- [transaction-engine] [0-event-handler] o.a.k.c.ReplicationControlManager        : [QuorumController id=0] Replayed PartitionRecord for new partition __consumer_offsets-20 with topic ID yXGnQ6rDSDWIFvN8yQxFAg and PartitionRegistration(replicas=[0], isr=[0], removingReplicas=[], addingReplicas=[], leader=0, leaderRecoveryState=RECOVERED, leaderEpoch=0, partitionEpoch=0).
2026-04-26T19:44:09.410-07:00  INFO 8376 --- [transaction-engine] [0-event-handler] o.a.k.c.ReplicationControlManager        : [QuorumController id=0] Replayed PartitionRecord for new partition __consumer_offsets-21 with topic ID yXGnQ6rDSDWIFvN8yQxFAg and PartitionRegistration(replicas=[0], isr=[0], removingReplicas=[], addingReplicas=[], leader=0, leaderRecoveryState=RECOVERED, leaderEpoch=0, partitionEpoch=0).
2026-04-26T19:44:09.410-07:00  INFO 8376 --- [transaction-engine] [0-event-handler] o.a.k.c.ReplicationControlManager        : [QuorumController id=0] Replayed PartitionRecord for new partition __consumer_offsets-22 with topic ID yXGnQ6rDSDWIFvN8yQxFAg and PartitionRegistration(replicas=[0], isr=[0], removingReplicas=[], addingReplicas=[], leader=0, leaderRecoveryState=RECOVERED, leaderEpoch=0, partitionEpoch=0).
2026-04-26T19:44:09.410-07:00  INFO 8376 --- [transaction-engine] [0-event-handler] o.a.k.c.ReplicationControlManager        : [QuorumController id=0] Replayed PartitionRecord for new partition __consumer_offsets-23 with topic ID yXGnQ6rDSDWIFvN8yQxFAg and PartitionRegistration(replicas=[0], isr=[0], removingReplicas=[], addingReplicas=[], leader=0, leaderRecoveryState=RECOVERED, leaderEpoch=0, partitionEpoch=0).
2026-04-26T19:44:09.410-07:00  INFO 8376 --- [transaction-engine] [0-event-handler] o.a.k.c.ReplicationControlManager        : [QuorumController id=0] Replayed PartitionRecord for new partition __consumer_offsets-24 with topic ID yXGnQ6rDSDWIFvN8yQxFAg and PartitionRegistration(replicas=[0], isr=[0], removingReplicas=[], addingReplicas=[], leader=0, leaderRecoveryState=RECOVERED, leaderEpoch=0, partitionEpoch=0).
2026-04-26T19:44:09.410-07:00  INFO 8376 --- [transaction-engine] [0-event-handler] o.a.k.c.ReplicationControlManager        : [QuorumController id=0] Replayed PartitionRecord for new partition __consumer_offsets-25 with topic ID yXGnQ6rDSDWIFvN8yQxFAg and PartitionRegistration(replicas=[0], isr=[0], removingReplicas=[], addingReplicas=[], leader=0, leaderRecoveryState=RECOVERED, leaderEpoch=0, partitionEpoch=0).
2026-04-26T19:44:09.410-07:00  INFO 8376 --- [transaction-engine] [0-event-handler] o.a.k.c.ReplicationControlManager        : [QuorumController id=0] Replayed PartitionRecord for new partition __consumer_offsets-26 with topic ID yXGnQ6rDSDWIFvN8yQxFAg and PartitionRegistration(replicas=[0], isr=[0], removingReplicas=[], addingReplicas=[], leader=0, leaderRecoveryState=RECOVERED, leaderEpoch=0, partitionEpoch=0).
2026-04-26T19:44:09.410-07:00  INFO 8376 --- [transaction-engine] [0-event-handler] o.a.k.c.ReplicationControlManager        : [QuorumController id=0] Replayed PartitionRecord for new partition __consumer_offsets-27 with topic ID yXGnQ6rDSDWIFvN8yQxFAg and PartitionRegistration(replicas=[0], isr=[0], removingReplicas=[], addingReplicas=[], leader=0, leaderRecoveryState=RECOVERED, leaderEpoch=0, partitionEpoch=0).
2026-04-26T19:44:09.410-07:00  INFO 8376 --- [transaction-engine] [0-event-handler] o.a.k.c.ReplicationControlManager        : [QuorumController id=0] Replayed PartitionRecord for new partition __consumer_offsets-28 with topic ID yXGnQ6rDSDWIFvN8yQxFAg and PartitionRegistration(replicas=[0], isr=[0], removingReplicas=[], addingReplicas=[], leader=0, leaderRecoveryState=RECOVERED, leaderEpoch=0, partitionEpoch=0).
2026-04-26T19:44:09.411-07:00  INFO 8376 --- [transaction-engine] [0-event-handler] o.a.k.c.ReplicationControlManager        : [QuorumController id=0] Replayed PartitionRecord for new partition __consumer_offsets-29 with topic ID yXGnQ6rDSDWIFvN8yQxFAg and PartitionRegistration(replicas=[0], isr=[0], removingReplicas=[], addingReplicas=[], leader=0, leaderRecoveryState=RECOVERED, leaderEpoch=0, partitionEpoch=0).
2026-04-26T19:44:09.411-07:00  INFO 8376 --- [transaction-engine] [0-event-handler] o.a.k.c.ReplicationControlManager        : [QuorumController id=0] Replayed PartitionRecord for new partition __consumer_offsets-30 with topic ID yXGnQ6rDSDWIFvN8yQxFAg and PartitionRegistration(replicas=[0], isr=[0], removingReplicas=[], addingReplicas=[], leader=0, leaderRecoveryState=RECOVERED, leaderEpoch=0, partitionEpoch=0).
[...]
2026-04-26T19:44:10.212-07:00  INFO 8376 --- [transaction-engine] [quest-handler-1] k.coordinator.group.GroupCoordinator     : [GroupCoordinator 0]: Preparing to rebalance group transaction-engine-group in state PreparingRebalance with old generation 0 (__consumer_offsets-17) (reason: Adding new member consumer-transaction-engine-group-3-0706e650-cee5-4133-8bca-41f0a1899910 with group instance id None; client reason: rebalance failed due to MemberIdRequiredException)
2026-04-26T19:44:10.212-07:00  INFO 8376 --- [transaction-engine] [quest-handler-0] k.coordinator.group.GroupCoordinator     : [GroupCoordinator 0]: Preparing to rebalance group anonymous.db796be9-ba45-4b2f-aaca-1bf87ab732d8 in state PreparingRebalance with old generation 0 (__consumer_offsets-8) (reason: Adding new member consumer-anonymous.db796be9-ba45-4b2f-aaca-1bf87ab732d8-2-57e1bdbe-6429-4b46-b9e0-d42a4a1368b4 with group instance id None; client reason: rebalance failed due to MemberIdRequiredException)
2026-04-26T19:44:10.217-07:00  INFO 8376 --- [transaction-engine] [cutor-Rebalance] k.coordinator.group.GroupCoordinator     : [GroupCoordinator 0]: Stabilized group anonymous.db796be9-ba45-4b2f-aaca-1bf87ab732d8 generation 1 (__consumer_offsets-8) with 1 members
2026-04-26T19:44:10.219-07:00  INFO 8376 --- [transaction-engine] [container-0-C-1] o.a.k.c.c.internals.ConsumerCoordinator  : [Consumer clientId=consumer-anonymous.db796be9-ba45-4b2f-aaca-1bf87ab732d8-2, groupId=anonymous.db796be9-ba45-4b2f-aaca-1bf87ab732d8] Successfully joined group with generation Generation{generationId=1, memberId='consumer-anonymous.db796be9-ba45-4b2f-aaca-1bf87ab732d8-2-57e1bdbe-6429-4b46-b9e0-d42a4a1368b4', protocol='range'}
2026-04-26T19:44:10.219-07:00  INFO 8376 --- [transaction-engine] [cutor-Rebalance] k.coordinator.group.GroupCoordinator     : [GroupCoordinator 0]: Stabilized group transaction-engine-group generation 1 (__consumer_offsets-17) with 1 members
2026-04-26T19:44:10.220-07:00  INFO 8376 --- [transaction-engine] [ntainer#0-0-C-1] o.a.k.c.c.internals.ConsumerCoordinator  : [Consumer clientId=consumer-transaction-engine-group-3, groupId=transaction-engine-group] Successfully joined group with generation Generation{generationId=1, memberId='consumer-transaction-engine-group-3-0706e650-cee5-4133-8bca-41f0a1899910', protocol='range'}
2026-04-26T19:44:10.223-07:00  INFO 8376 --- [transaction-engine] [ntainer#0-0-C-1] o.a.k.c.c.internals.ConsumerCoordinator  : [Consumer clientId=consumer-transaction-engine-group-3, groupId=transaction-engine-group] Finished assignment for group at generation 1: {consumer-transaction-engine-group-3-0706e650-cee5-4133-8bca-41f0a1899910=Assignment(partitions=[risk-results-0])}
2026-04-26T19:44:10.223-07:00  INFO 8376 --- [transaction-engine] [container-0-C-1] o.a.k.c.c.internals.ConsumerCoordinator  : [Consumer clientId=consumer-anonymous.db796be9-ba45-4b2f-aaca-1bf87ab732d8-2, groupId=anonymous.db796be9-ba45-4b2f-aaca-1bf87ab732d8] Finished assignment for group at generation 1: {consumer-anonymous.db796be9-ba45-4b2f-aaca-1bf87ab732d8-2-57e1bdbe-6429-4b46-b9e0-d42a4a1368b4=Assignment(partitions=[riskResultsConsumer-in-0-0])}
2026-04-26T19:44:10.228-07:00  INFO 8376 --- [transaction-engine] [quest-handler-3] k.coordinator.group.GroupCoordinator     : [GroupCoordinator 0]: Assignment received from leader consumer-transaction-engine-group-3-0706e650-cee5-4133-8bca-41f0a1899910 for group transaction-engine-group for generation 1. The group has 1 members, 0 of which are static.
2026-04-26T19:44:10.228-07:00  INFO 8376 --- [transaction-engine] [quest-handler-5] k.coordinator.group.GroupCoordinator     : [GroupCoordinator 0]: Assignment received from leader consumer-anonymous.db796be9-ba45-4b2f-aaca-1bf87ab732d8-2-57e1bdbe-6429-4b46-b9e0-d42a4a1368b4 for group anonymous.db796be9-ba45-4b2f-aaca-1bf87ab732d8 for generation 1. The group has 1 members, 0 of which are static.
2026-04-26T19:44:10.249-07:00  INFO 8376 --- [transaction-engine] [ntainer#0-0-C-1] o.a.k.c.c.internals.ConsumerCoordinator  : [Consumer clientId=consumer-transaction-engine-group-3, groupId=transaction-engine-group] Successfully synced group in generation Generation{generationId=1, memberId='consumer-transaction-engine-group-3-0706e650-cee5-4133-8bca-41f0a1899910', protocol='range'}
2026-04-26T19:44:10.249-07:00  INFO 8376 --- [transaction-engine] [container-0-C-1] o.a.k.c.c.internals.ConsumerCoordinator  : [Consumer clientId=consumer-anonymous.db796be9-ba45-4b2f-aaca-1bf87ab732d8-2, groupId=anonymous.db796be9-ba45-4b2f-aaca-1bf87ab732d8] Successfully synced group in generation Generation{generationId=1, memberId='consumer-anonymous.db796be9-ba45-4b2f-aaca-1bf87ab732d8-2-57e1bdbe-6429-4b46-b9e0-d42a4a1368b4', protocol='range'}
2026-04-26T19:44:10.250-07:00  INFO 8376 --- [transaction-engine] [ntainer#0-0-C-1] o.a.k.c.c.internals.ConsumerCoordinator  : [Consumer clientId=consumer-transaction-engine-group-3, groupId=transaction-engine-group] Notifying assignor about the new Assignment(partitions=[risk-results-0])
2026-04-26T19:44:10.250-07:00  INFO 8376 --- [transaction-engine] [container-0-C-1] o.a.k.c.c.internals.ConsumerCoordinator  : [Consumer clientId=consumer-anonymous.db796be9-ba45-4b2f-aaca-1bf87ab732d8-2, groupId=anonymous.db796be9-ba45-4b2f-aaca-1bf87ab732d8] Notifying assignor about the new Assignment(partitions=[riskResultsConsumer-in-0-0])
2026-04-26T19:44:10.251-07:00  INFO 8376 --- [transaction-engine] [ntainer#0-0-C-1] o.a.k.c.c.internals.ConsumerCoordinator  : [Consumer clientId=consumer-transaction-engine-group-3, groupId=transaction-engine-group] Adding newly assigned partitions: risk-results-0
2026-04-26T19:44:10.251-07:00  INFO 8376 --- [transaction-engine] [container-0-C-1] o.a.k.c.c.internals.ConsumerCoordinator  : [Consumer clientId=consumer-anonymous.db796be9-ba45-4b2f-aaca-1bf87ab732d8-2, groupId=anonymous.db796be9-ba45-4b2f-aaca-1bf87ab732d8] Adding newly assigned partitions: riskResultsConsumer-in-0-0
2026-04-26T19:44:10.260-07:00  INFO 8376 --- [transaction-engine] [ntainer#0-0-C-1] o.a.k.c.c.internals.ConsumerCoordinator  : [Consumer clientId=consumer-transaction-engine-group-3, groupId=transaction-engine-group] Found no committed offset for partition risk-results-0
2026-04-26T19:44:10.260-07:00  INFO 8376 --- [transaction-engine] [container-0-C-1] o.a.k.c.c.internals.ConsumerCoordinator  : [Consumer clientId=consumer-anonymous.db796be9-ba45-4b2f-aaca-1bf87ab732d8-2, groupId=anonymous.db796be9-ba45-4b2f-aaca-1bf87ab732d8] Found no committed offset for partition riskResultsConsumer-in-0-0
2026-04-26T19:44:10.269-07:00  INFO 8376 --- [transaction-engine] [ntainer#0-0-C-1] o.a.k.c.c.internals.SubscriptionState    : [Consumer clientId=consumer-transaction-engine-group-3, groupId=transaction-engine-group] Resetting offset for partition risk-results-0 to position FetchPosition{offset=0, offsetEpoch=Optional.empty, currentLeader=LeaderAndEpoch{leader=Optional[localhost:50676 (id: 0 rack: null)], epoch=0}}.
2026-04-26T19:44:10.269-07:00  INFO 8376 --- [transaction-engine] [container-0-C-1] o.a.k.c.c.internals.SubscriptionState    : [Consumer clientId=consumer-anonymous.db796be9-ba45-4b2f-aaca-1bf87ab732d8-2, groupId=anonymous.db796be9-ba45-4b2f-aaca-1bf87ab732d8] Resetting offset for partition riskResultsConsumer-in-0-0 to position FetchPosition{offset=0, offsetEpoch=Optional.empty, currentLeader=LeaderAndEpoch{leader=Optional[localhost:50676 (id: 0 rack: null)], epoch=0}}.
2026-04-26T19:44:10.269-07:00  INFO 8376 --- [transaction-engine] [ntainer#0-0-C-1] o.s.k.l.KafkaMessageListenerContainer    : transaction-engine-group: partitions assigned: [risk-results-0]
2026-04-26T19:44:10.269-07:00  INFO 8376 --- [transaction-engine] [container-0-C-1] o.s.c.s.b.k.KafkaMessageChannelBinder$2  : anonymous.db796be9-ba45-4b2f-aaca-1bf87ab732d8: partitions assigned: [riskResultsConsumer-in-0-0]
🚀 SENDING message directly to Kafka topic: risk-results
2026-04-26T19:44:15.178-07:00  INFO 8376 --- [transaction-engine] [           main] o.a.k.clients.producer.ProducerConfig    : ProducerConfig values: 
	acks = -1
	auto.include.jmx.reporter = true
	batch.size = 16384
	bootstrap.servers = [localhost:50676]
	buffer.memory = 33554432
	client.dns.lookup = use_all_dns_ips
	client.id = producer-1
	compression.type = none
	connections.max.idle.ms = 540000
	delivery.timeout.ms = 120000
	enable.idempotence = true
	interceptor.classes = []
	key.serializer = class org.apache.kafka.common.serialization.StringSerializer
	linger.ms = 0
	max.block.ms = 60000
	max.in.flight.requests.per.connection = 5
	max.request.size = 1048576
	metadata.max.age.ms = 300000
	metadata.max.idle.ms = 300000
	metric.reporters = []
	metrics.num.samples = 2
	metrics.recording.level = INFO
	metrics.sample.window.ms = 30000
	partitioner.adaptive.partitioning.enable = true
	partitioner.availability.timeout.ms = 0
	partitioner.class = null
	partitioner.ignore.keys = false
	receive.buffer.bytes = 32768
	reconnect.backoff.max.ms = 1000
	reconnect.backoff.ms = 50
	request.timeout.ms = 30000
	retries = 2147483647
	retry.backoff.ms = 100
	sasl.client.callback.handler.class = null
	sasl.jaas.config = null
	sasl.kerberos.kinit.cmd = /usr/bin/kinit
	sasl.kerberos.min.time.before.relogin = 60000
	sasl.kerberos.service.name = null
	sasl.kerberos.ticket.renew.jitter = 0.05
	sasl.kerberos.ticket.renew.window.factor = 0.8
	sasl.login.callback.handler.class = null
	sasl.login.class = null
	sasl.login.connect.timeout.ms = null
	sasl.login.read.timeout.ms = null
	sasl.login.refresh.buffer.seconds = 300
	sasl.login.refresh.min.period.seconds = 60
	sasl.login.refresh.window.factor = 0.8
	sasl.login.refresh.window.jitter = 0.05
	sasl.login.retry.backoff.max.ms = 10000
	sasl.login.retry.backoff.ms = 100
	sasl.mechanism = GSSAPI
	sasl.oauthbearer.clock.skew.seconds = 30
	sasl.oauthbearer.expected.audience = null
	sasl.oauthbearer.expected.issuer = null
	sasl.oauthbearer.jwks.endpoint.refresh.ms = 3600000
	sasl.oauthbearer.jwks.endpoint.retry.backoff.max.ms = 10000
	sasl.oauthbearer.jwks.endpoint.retry.backoff.ms = 100
	sasl.oauthbearer.jwks.endpoint.url = null
	sasl.oauthbearer.scope.claim.name = scope
	sasl.oauthbearer.sub.claim.name = sub
	sasl.oauthbearer.token.endpoint.url = null
	security.protocol = PLAINTEXT
	security.providers = null
	send.buffer.bytes = 131072
	socket.connection.setup.timeout.max.ms = 30000
	socket.connection.setup.timeout.ms = 10000
	ssl.cipher.suites = null
	ssl.enabled.protocols = [TLSv1.2, TLSv1.3]
	ssl.endpoint.identification.algorithm = https
	ssl.engine.factory.class = null
	ssl.key.password = null
	ssl.keymanager.algorithm = SunX509
	ssl.keystore.certificate.chain = null
	ssl.keystore.key = null
	ssl.keystore.location = null
	ssl.keystore.password = null
	ssl.keystore.type = JKS
	ssl.protocol = TLSv1.3
	ssl.provider = null
	ssl.secure.random.implementation = null
	ssl.trustmanager.algorithm = PKIX
	ssl.truststore.certificates = null
	ssl.truststore.location = null
	ssl.truststore.password = null
	ssl.truststore.type = JKS
	transaction.timeout.ms = 60000
	transactional.id = null
	value.serializer = class org.springframework.kafka.support.serializer.JsonSerializer

2026-04-26T19:44:15.189-07:00  INFO 8376 --- [transaction-engine] [           main] o.a.k.clients.producer.KafkaProducer     : [Producer clientId=producer-1] Instantiated an idempotent producer.
2026-04-26T19:44:15.202-07:00  INFO 8376 --- [transaction-engine] [           main] o.a.kafka.common.utils.AppInfoParser     : Kafka version: 3.6.1
2026-04-26T19:44:15.202-07:00  INFO 8376 --- [transaction-engine] [           main] o.a.kafka.common.utils.AppInfoParser     : Kafka commitId: 5e3c2b738d253ff5
2026-04-26T19:44:15.202-07:00  INFO 8376 --- [transaction-engine] [           main] o.a.kafka.common.utils.AppInfoParser     : Kafka startTimeMs: 1777257855202
2026-04-26T19:44:15.207-07:00  INFO 8376 --- [transaction-engine] [ad | producer-1] org.apache.kafka.clients.Metadata        : [Producer clientId=producer-1] Cluster ID: Z7QKsqR8Rp28bp32t2q9Tg
2026-04-26T19:44:15.210-07:00  INFO 8376 --- [transaction-engine] [0-event-handler] o.a.k.c.ProducerIdControlManager         : [QuorumController id=0] Replaying ProducerIdsRecord ProducerIdsRecord(brokerId=0, brokerEpoch=5, nextProducerId=1000)
2026-04-26T19:44:15.319-07:00  INFO 8376 --- [transaction-engine] [ad | producer-1] o.a.k.c.p.internals.TransactionManager   : [Producer clientId=producer-1] ProducerId set to 0 with epoch 0
2026-04-26T19:44:15.350-07:00 ERROR 8376 --- [transaction-engine] [ntainer#0-0-C-1] o.s.kafka.listener.DefaultErrorHandler   : Backoff FixedBackOff{interval=0, currentAttempts=1, maxAttempts=0} exhausted for risk-results-0@0

org.springframework.kafka.listener.ListenerExecutionFailedException: Listener method could not be invoked with the incoming message
Endpoint handler details:
Method [public void com.sentinel.transaction.consumer.RiskResultConsumer.consumeResult(com.sentinel.common.dto.RiskResultMessage)]
Bean [com.sentinel.transaction.consumer.RiskResultConsumer@74161ed7]
	at org.springframework.kafka.listener.KafkaMessageListenerContainer$ListenerConsumer.decorateException(KafkaMessageListenerContainer.java:2942) ~[spring-kafka-3.1.2.jar:3.1.2]
	at org.springframework.kafka.listener.KafkaMessageListenerContainer$ListenerConsumer.doInvokeOnMessage(KafkaMessageListenerContainer.java:2887) ~[spring-kafka-3.1.2.jar:3.1.2]
	at org.springframework.kafka.listener.KafkaMessageListenerContainer$ListenerConsumer.invokeOnMessage(KafkaMessageListenerContainer.java:2851) ~[spring-kafka-3.1.2.jar:3.1.2]
	at org.springframework.kafka.listener.KafkaMessageListenerContainer$ListenerConsumer.lambda$doInvokeRecordListener$55(KafkaMessageListenerContainer.java:2769) ~[spring-kafka-3.1.2.jar:3.1.2]
	at io.micrometer.observation.Observation.observe(Observation.java:565) ~[micrometer-observation-1.12.4.jar:1.12.4]
	at org.springframework.kafka.listener.KafkaMessageListenerContainer$ListenerConsumer.doInvokeRecordListener(KafkaMessageListenerContainer.java:2767) ~[spring-kafka-3.1.2.jar:3.1.2]
	at org.springframework.kafka.listener.KafkaMessageListenerContainer$ListenerConsumer.doInvokeWithRecords(KafkaMessageListenerContainer.java:2620) ~[spring-kafka-3.1.2.jar:3.1.2]
	at org.springframework.kafka.listener.KafkaMessageListenerContainer$ListenerConsumer.invokeRecordListener(KafkaMessageListenerContainer.java:2506) ~[spring-kafka-3.1.2.jar:3.1.2]
	at org.springframework.kafka.listener.KafkaMessageListenerContainer$ListenerConsumer.invokeListener(KafkaMessageListenerContainer.java:2148) ~[spring-kafka-3.1.2.jar:3.1.2]
	at org.springframework.kafka.listener.KafkaMessageListenerContainer$ListenerConsumer.invokeIfHaveRecords(KafkaMessageListenerContainer.java:1488) ~[spring-kafka-3.1.2.jar:3.1.2]
	at org.springframework.kafka.listener.KafkaMessageListenerContainer$ListenerConsumer.pollAndInvoke(KafkaMessageListenerContainer.java:1453) ~[spring-kafka-3.1.2.jar:3.1.2]
	at org.springframework.kafka.listener.KafkaMessageListenerContainer$ListenerConsumer.run(KafkaMessageListenerContainer.java:1323) ~[spring-kafka-3.1.2.jar:3.1.2]
	at java.base/java.util.concurrent.CompletableFuture$AsyncRun.run(CompletableFuture.java:1804) ~[na:na]
	at java.base/java.lang.Thread.run(Thread.java:1583) ~[na:na]
	Suppressed: org.springframework.kafka.listener.ListenerExecutionFailedException: Restored Stack Trace
		at org.springframework.kafka.listener.adapter.MessagingMessageListenerAdapter.checkAckArg(MessagingMessageListenerAdapter.java:402) ~[spring-kafka-3.1.2.jar:3.1.2]
		at org.springframework.kafka.listener.adapter.MessagingMessageListenerAdapter.invokeHandler(MessagingMessageListenerAdapter.java:380) ~[spring-kafka-3.1.2.jar:3.1.2]
		at org.springframework.kafka.listener.adapter.RecordMessagingMessageListenerAdapter.onMessage(RecordMessagingMessageListenerAdapter.java:92) ~[spring-kafka-3.1.2.jar:3.1.2]
		at org.springframework.kafka.listener.adapter.RecordMessagingMessageListenerAdapter.onMessage(RecordMessagingMessageListenerAdapter.java:53) ~[spring-kafka-3.1.2.jar:3.1.2]
		at org.springframework.kafka.listener.KafkaMessageListenerContainer$ListenerConsumer.doInvokeOnMessage(KafkaMessageListenerContainer.java:2873) ~[spring-kafka-3.1.2.jar:3.1.2]
Caused by: org.springframework.messaging.converter.MessageConversionException: Cannot handle message
	at org.springframework.kafka.listener.adapter.MessagingMessageListenerAdapter.invokeHandler(MessagingMessageListenerAdapter.java:380) ~[spring-kafka-3.1.2.jar:3.1.2]
	at org.springframework.kafka.listener.adapter.RecordMessagingMessageListenerAdapter.onMessage(RecordMessagingMessageListenerAdapter.java:92) ~[spring-kafka-3.1.2.jar:3.1.2]
	at org.springframework.kafka.listener.adapter.RecordMessagingMessageListenerAdapter.onMessage(RecordMessagingMessageListenerAdapter.java:53) ~[spring-kafka-3.1.2.jar:3.1.2]
	at org.springframework.kafka.listener.KafkaMessageListenerContainer$ListenerConsumer.doInvokeOnMessage(KafkaMessageListenerContainer.java:2873) ~[spring-kafka-3.1.2.jar:3.1.2]
	... 12 common frames omitted
Caused by: org.springframework.messaging.converter.MessageConversionException: Cannot convert from [com.sentinel.common.dto.RiskResponse] to [com.sentinel.common.dto.RiskResultMessage] for GenericMessage [payload=RiskResponse(transactionId=test-id-123, status=APPROVED, riskScore=10, reason=Low risk transaction), headers={kafka_offset=0, kafka_consumer=org.springframework.kafka.core.DefaultKafkaConsumerFactory$ExtendedKafkaConsumer@29b00c1b, kafka_timestampType=CREATE_TIME, kafka_receivedPartitionId=0, kafka_receivedTopic=risk-results, kafka_receivedTimestamp=1777257855207, kafka_groupId=transaction-engine-group}]
	at org.springframework.messaging.handler.annotation.support.PayloadMethodArgumentResolver.resolveArgument(PayloadMethodArgumentResolver.java:151) ~[spring-messaging-6.1.5.jar:6.1.5]
	at org.springframework.kafka.annotation.KafkaNullAwarePayloadArgumentResolver.resolveArgument(KafkaNullAwarePayloadArgumentResolver.java:48) ~[spring-kafka-3.1.2.jar:3.1.2]
	at org.springframework.messaging.handler.invocation.HandlerMethodArgumentResolverComposite.resolveArgument(HandlerMethodArgumentResolverComposite.java:118) ~[spring-messaging-6.1.5.jar:6.1.5]
	at org.springframework.messaging.handler.invocation.InvocableHandlerMethod.getMethodArgumentValues(InvocableHandlerMethod.java:147) ~[spring-messaging-6.1.5.jar:6.1.5]
	at org.springframework.messaging.handler.invocation.InvocableHandlerMethod.invoke(InvocableHandlerMethod.java:115) ~[spring-messaging-6.1.5.jar:6.1.5]
	at org.springframework.kafka.listener.adapter.HandlerAdapter.invoke(HandlerAdapter.java:56) ~[spring-kafka-3.1.2.jar:3.1.2]
	at org.springframework.kafka.listener.adapter.MessagingMessageListenerAdapter.invokeHandler(MessagingMessageListenerAdapter.java:376) ~[spring-kafka-3.1.2.jar:3.1.2]
	... 15 common frames omitted

🔍 CURRENT DB STATUS: PENDING
🔍 CURRENT DB STATUS: PENDING
🔍 CURRENT DB STATUS: PENDING
🔍 CURRENT DB STATUS: PENDING
🔍 CURRENT DB STATUS: PENDING
🔍 CURRENT DB STATUS: PENDING
🔍 CURRENT DB STATUS: PENDING
🔍 CURRENT DB STATUS: PENDING
🔍 CURRENT DB STATUS: PENDING
🔍 CURRENT DB STATUS: PENDING
🔍 CURRENT DB STATUS: PENDING
🔍 CURRENT DB STATUS: PENDING
🔍 CURRENT DB STATUS: PENDING
🔍 CURRENT DB STATUS: PENDING
]]></system-out>
    <system-err><![CDATA[WARNING: A Java agent has been loaded dynamically (/Users/dipika/.m2/repository/net/bytebuddy/byte-buddy-agent/1.14.12/byte-buddy-agent-1.14.12.jar)
WARNING: If a serviceability tool is in use, please run with -XX:+EnableDynamicAgentLoading to hide this warning
WARNING: If a serviceability tool is not in use, please run with -Djdk.instrument.traceUsage for more information
WARNING: Dynamic loading of agents will be disallowed by default in a future release
]]></system-err>
  </testcase>
</testsuite>